<?xml version="1.0" ?>
<coverage version="7.13.5" timestamp="1774826345667" lines-valid="2320" lines-covered="2212" line-rate="0.9534" branches-covered="0" branches-valid="0" branch-rate="0" complexity="0">
	<!-- Generated by coverage.py: https://coverage.readthedocs.io/en/7.13.5 -->
	<!-- Based on https://raw.githubusercontent.com/cobertura/web/master/htdocs/xml/coverage-04.dtd -->
	<sources>
		<source>/home/runner/work/auth-service/auth-service/app</source>
	</sources>
	<packages>
		<package name="." line-rate="0.7692" branch-rate="0" complexity="0">
			<classes>
				<class name="__init__.py" filename="__init__.py" complexity="0" line-rate="1" branch-rate="0">
					<methods/>
					<lines/>
				</class>
				<class name="main.py" filename="main.py" complexity="0" line-rate="0.7692" branch-rate="0">
					<methods/>
					<lines>
						<line number="1" hits="1"/>
						<line number="2" hits="1"/>
						<line number="3" hits="1"/>
						<line number="5" hits="1"/>
						<line number="6" hits="1"/>
						<line number="7" hits="1"/>
						<line number="8" hits="1"/>
						<line number="11" hits="1"/>
						<line number="13" hits="1"/>
						<line number="14" hits="1"/>
						<line number="15" hits="1"/>
						<line number="16" hits="1"/>
						<line number="17" hits="1"/>
						<line number="18" hits="1"/>
						<line number="19" hits="1"/>
						<line number="21" hits="1"/>
						<line number="22" hits="1"/>
						<line number="23" hits="1"/>
						<line number="26" hits="1"/>
						<line number="27" hits="1"/>
						<line number="30" hits="1"/>
						<line number="31" hits="1"/>
						<line number="33" hits="0"/>
						<line number="35" hits="0"/>
						<line number="36" hits="0"/>
						<line number="37" hits="0"/>
						<line number="39" hits="0"/>
						<line number="40" hits="0"/>
						<line number="42" hits="0"/>
						<line number="43" hits="0"/>
						<line number="45" hits="0"/>
						<line number="47" hits="0"/>
						<line number="50" hits="1"/>
						<line number="101" hits="1"/>
						<line number="104" hits="1"/>
						<line number="105" hits="1"/>
						<line number="110" hits="1"/>
						<line number="111" hits="1"/>
						<line number="112" hits="1"/>
						<line number="113" hits="1"/>
						<line number="116" hits="1"/>
						<line number="117" hits="1"/>
						<line number="118" hits="1"/>
						<line number="119" hits="1"/>
						<line number="122" hits="1"/>
						<line number="123" hits="1"/>
						<line number="125" hits="0"/>
						<line number="133" hits="0"/>
						<line number="139" hits="1"/>
						<line number="140" hits="1"/>
						<line number="142" hits="1"/>
						<line number="151" hits="1"/>
					</lines>
				</class>
			</classes>
		</package>
		<package name="api" line-rate="0.9976" branch-rate="0" complexity="0">
			<classes>
				<class name="__init__.py" filename="api/__init__.py" complexity="0" line-rate="1" branch-rate="0">
					<methods/>
					<lines/>
				</class>
				<class name="admin.py" filename="api/admin.py" complexity="0" line-rate="1" branch-rate="0">
					<methods/>
					<lines>
						<line number="1" hits="1"/>
						<line number="3" hits="1"/>
						<line number="4" hits="1"/>
						<line number="6" hits="1"/>
						<line number="7" hits="1"/>
						<line number="8" hits="1"/>
						<line number="9" hits="1"/>
						<line number="10" hits="1"/>
						<line number="11" hits="1"/>
						<line number="12" hits="1"/>
						<line number="13" hits="1"/>
						<line number="20" hits="1"/>
						<line number="23" hits="1"/>
						<line number="24" hits="1"/>
						<line number="34" hits="1"/>
						<line number="36" hits="1"/>
						<line number="37" hits="1"/>
						<line number="52" hits="1"/>
						<line number="54" hits="1"/>
						<line number="55" hits="1"/>
						<line number="57" hits="1"/>
						<line number="59" hits="1"/>
						<line number="61" hits="1"/>
						<line number="62" hits="1"/>
						<line number="76" hits="1"/>
						<line number="78" hits="1"/>
						<line number="79" hits="1"/>
						<line number="81" hits="1"/>
						<line number="83" hits="1"/>
						<line number="85" hits="1"/>
						<line number="86" hits="1"/>
						<line number="105" hits="1"/>
						<line number="106" hits="1"/>
						<line number="108" hits="1"/>
						<line number="109" hits="1"/>
						<line number="111" hits="1"/>
						<line number="112" hits="1"/>
						<line number="114" hits="1"/>
						<line number="115" hits="1"/>
						<line number="117" hits="1"/>
						<line number="119" hits="1"/>
						<line number="120" hits="1"/>
						<line number="138" hits="1"/>
						<line number="139" hits="1"/>
						<line number="141" hits="1"/>
						<line number="142" hits="1"/>
						<line number="144" hits="1"/>
						<line number="145" hits="1"/>
						<line number="147" hits="1"/>
						<line number="148" hits="1"/>
						<line number="150" hits="1"/>
						<line number="152" hits="1"/>
						<line number="153" hits="1"/>
						<line number="162" hits="1"/>
						<line number="163" hits="1"/>
						<line number="165" hits="1"/>
						<line number="166" hits="1"/>
						<line number="175" hits="1"/>
						<line number="176" hits="1"/>
					</lines>
				</class>
				<class name="auth.py" filename="api/auth.py" complexity="0" line-rate="1" branch-rate="0">
					<methods/>
					<lines>
						<line number="87" hits="1"/>
						<line number="88" hits="1"/>
						<line number="89" hits="1"/>
						<line number="90" hits="1"/>
						<line number="91" hits="1"/>
						<line number="93" hits="1"/>
						<line number="95" hits="1"/>
						<line number="96" hits="1"/>
						<line number="97" hits="1"/>
						<line number="98" hits="1"/>
						<line number="99" hits="1"/>
						<line number="100" hits="1"/>
						<line number="102" hits="1"/>
						<line number="103" hits="1"/>
						<line number="104" hits="1"/>
						<line number="107" hits="1"/>
						<line number="108" hits="1"/>
						<line number="109" hits="1"/>
						<line number="110" hits="1"/>
						<line number="111" hits="1"/>
						<line number="112" hits="1"/>
						<line number="114" hits="1"/>
						<line number="115" hits="1"/>
						<line number="116" hits="1"/>
						<line number="117" hits="1"/>
						<line number="139" hits="1"/>
						<line number="140" hits="1"/>
						<line number="141" hits="1"/>
						<line number="142" hits="1"/>
						<line number="143" hits="1"/>
						<line number="147" hits="1"/>
						<line number="148" hits="1"/>
						<line number="160" hits="1"/>
						<line number="161" hits="1"/>
						<line number="174" hits="1"/>
						<line number="175" hits="1"/>
						<line number="193" hits="1"/>
						<line number="194" hits="1"/>
						<line number="200" hits="1"/>
						<line number="207" hits="1"/>
						<line number="208" hits="1"/>
						<line number="222" hits="1"/>
						<line number="223" hits="1"/>
						<line number="227" hits="1"/>
						<line number="228" hits="1"/>
						<line number="230" hits="1"/>
						<line number="231" hits="1"/>
						<line number="233" hits="1"/>
						<line number="240" hits="1"/>
						<line number="241" hits="1"/>
						<line number="252" hits="1"/>
						<line number="254" hits="1"/>
						<line number="255" hits="1"/>
						<line number="268" hits="1"/>
						<line number="270" hits="1"/>
						<line number="275" hits="1"/>
						<line number="276" hits="1"/>
						<line number="286" hits="1"/>
						<line number="288" hits="1"/>
						<line number="289" hits="1"/>
						<line number="301" hits="1"/>
						<line number="303" hits="1"/>
						<line number="304" hits="1"/>
						<line number="313" hits="1"/>
						<line number="314" hits="1"/>
						<line number="316" hits="1"/>
						<line number="326" hits="1"/>
						<line number="327" hits="1"/>
						<line number="338" hits="1"/>
						<line number="340" hits="1"/>
						<line number="342" hits="1"/>
						<line number="343" hits="1"/>
						<line number="345" hits="1"/>
						<line number="347" hits="1"/>
						<line number="349" hits="1"/>
						<line number="350" hits="1"/>
						<line number="359" hits="1"/>
						<line number="361" hits="1"/>
						<line number="363" hits="1"/>
						<line number="364" hits="1"/>
						<line number="371" hits="1"/>
						<line number="373" hits="1"/>
						<line number="374" hits="1"/>
						<line number="381" hits="1"/>
						<line number="386" hits="1"/>
						<line number="387" hits="1"/>
						<line number="394" hits="1"/>
						<line number="398" hits="1"/>
						<line number="399" hits="1"/>
						<line number="409" hits="1"/>
						<line number="411" hits="1"/>
						<line number="416" hits="1"/>
						<line number="417" hits="1"/>
						<line number="426" hits="1"/>
						<line number="429" hits="1"/>
						<line number="430" hits="1"/>
						<line number="435" hits="1"/>
						<line number="436" hits="1"/>
						<line number="442" hits="1"/>
						<line number="444" hits="1"/>
						<line number="446" hits="1"/>
						<line number="448" hits="1"/>
						<line number="451" hits="1"/>
						<line number="452" hits="1"/>
						<line number="467" hits="1"/>
						<line number="468" hits="1"/>
						<line number="474" hits="1"/>
						<line number="477" hits="1"/>
						<line number="487" hits="1"/>
						<line number="488" hits="1"/>
						<line number="490" hits="1"/>
						<line number="495" hits="1"/>
						<line number="501" hits="1"/>
						<line number="504" hits="1"/>
						<line number="509" hits="1"/>
						<line number="516" hits="1"/>
						<line number="518" hits="1"/>
						<line number="520" hits="1"/>
						<line number="521" hits="1"/>
						<line number="536" hits="1"/>
						<line number="537" hits="1"/>
						<line number="538" hits="1"/>
						<line number="543" hits="1"/>
						<line number="544" hits="1"/>
						<line number="550" hits="1"/>
						<line number="555" hits="1"/>
						<line number="558" hits="1"/>
						<line number="560" hits="1"/>
						<line number="566" hits="1"/>
						<line number="573" hits="1"/>
						<line number="575" hits="1"/>
						<line number="577" hits="1"/>
						<line number="582" hits="1"/>
						<line number="584" hits="1"/>
						<line number="599" hits="1"/>
						<line number="609" hits="1"/>
						<line number="614" hits="1"/>
						<line number="618" hits="1"/>
						<line number="623" hits="1"/>
						<line number="630" hits="1"/>
						<line number="632" hits="1"/>
						<line number="634" hits="1"/>
						<line number="635" hits="1"/>
						<line number="650" hits="1"/>
						<line number="651" hits="1"/>
						<line number="652" hits="1"/>
						<line number="654" hits="1"/>
						<line number="655" hits="1"/>
						<line number="660" hits="1"/>
						<line number="663" hits="1"/>
						<line number="665" hits="1"/>
						<line number="666" hits="1"/>
						<line number="667" hits="1"/>
						<line number="668" hits="1"/>
						<line number="674" hits="1"/>
						<line number="677" hits="1"/>
						<line number="679" hits="1"/>
						<line number="686" hits="1"/>
						<line number="689" hits="1"/>
						<line number="691" hits="1"/>
						<line number="696" hits="1"/>
						<line number="697" hits="1"/>
						<line number="699" hits="1"/>
						<line number="704" hits="1"/>
						<line number="710" hits="1"/>
						<line number="717" hits="1"/>
						<line number="719" hits="1"/>
						<line number="721" hits="1"/>
						<line number="726" hits="1"/>
						<line number="731" hits="1"/>
						<line number="746" hits="1"/>
						<line number="756" hits="1"/>
						<line number="761" hits="1"/>
						<line number="766" hits="1"/>
						<line number="767" hits="1"/>
						<line number="778" hits="1"/>
						<line number="784" hits="1"/>
						<line number="791" hits="1"/>
						<line number="792" hits="1"/>
						<line number="802" hits="1"/>
						<line number="808" hits="1"/>
						<line number="815" hits="1"/>
						<line number="816" hits="1"/>
						<line number="826" hits="1"/>
						<line number="832" hits="1"/>
						<line number="839" hits="1"/>
						<line number="840" hits="1"/>
						<line number="849" hits="1"/>
						<line number="851" hits="1"/>
						<line number="853" hits="1"/>
						<line number="858" hits="1"/>
						<line number="860" hits="1"/>
						<line number="866" hits="1"/>
						<line number="871" hits="1"/>
						<line number="878" hits="1"/>
						<line number="880" hits="1"/>
						<line number="884" hits="1"/>
						<line number="885" hits="1"/>
						<line number="898" hits="1"/>
						<line number="900" hits="1"/>
						<line number="902" hits="1"/>
						<line number="908" hits="1"/>
						<line number="913" hits="1"/>
						<line number="920" hits="1"/>
						<line number="921" hits="1"/>
						<line number="926" hits="1"/>
						<line number="928" hits="1"/>
						<line number="929" hits="1"/>
						<line number="931" hits="1"/>
						<line number="932" hits="1"/>
						<line number="934" hits="1"/>
						<line number="939" hits="1"/>
						<line number="945" hits="1"/>
						<line number="947" hits="1"/>
						<line number="948" hits="1"/>
						<line number="958" hits="1"/>
						<line number="960" hits="1"/>
						<line number="962" hits="1"/>
						<line number="964" hits="1"/>
						<line number="971" hits="1"/>
						<line number="976" hits="1"/>
						<line number="978" hits="1"/>
						<line number="984" hits="1"/>
						<line number="985" hits="1"/>
						<line number="997" hits="1"/>
						<line number="999" hits="1"/>
						<line number="1001" hits="1"/>
						<line number="1003" hits="1"/>
						<line number="1004" hits="1"/>
						<line number="1006" hits="1"/>
						<line number="1007" hits="1"/>
						<line number="1009" hits="1"/>
						<line number="1010" hits="1"/>
						<line number="1012" hits="1"/>
						<line number="1014" hits="1"/>
						<line number="1015" hits="1"/>
						<line number="1030" hits="1"/>
						<line number="1031" hits="1"/>
						<line number="1033" hits="1"/>
						<line number="1035" hits="1"/>
						<line number="1040" hits="1"/>
						<line number="1041" hits="1"/>
						<line number="1042" hits="1"/>
						<line number="1048" hits="1"/>
						<line number="1050" hits="1"/>
						<line number="1052" hits="1"/>
						<line number="1053" hits="1"/>
						<line number="1055" hits="1"/>
						<line number="1060" hits="1"/>
						<line number="1061" hits="1"/>
						<line number="1063" hits="1"/>
						<line number="1069" hits="1"/>
						<line number="1071" hits="1"/>
						<line number="1076" hits="1"/>
						<line number="1078" hits="1"/>
						<line number="1084" hits="1"/>
						<line number="1086" hits="1"/>
						<line number="1087" hits="1"/>
						<line number="1099" hits="1"/>
						<line number="1101" hits="1"/>
						<line number="1103" hits="1"/>
						<line number="1107" hits="1"/>
						<line number="1108" hits="1"/>
						<line number="1124" hits="1"/>
						<line number="1125" hits="1"/>
						<line number="1134" hits="1"/>
						<line number="1136" hits="1"/>
						<line number="1137" hits="1"/>
						<line number="1142" hits="1"/>
						<line number="1144" hits="1"/>
						<line number="1145" hits="1"/>
						<line number="1154" hits="1"/>
						<line number="1159" hits="1"/>
						<line number="1161" hits="1"/>
						<line number="1163" hits="1"/>
						<line number="1172" hits="1"/>
						<line number="1174" hits="1"/>
						<line number="1175" hits="1"/>
						<line number="1185" hits="1"/>
						<line number="1191" hits="1"/>
						<line number="1193" hits="1"/>
						<line number="1194" hits="1"/>
						<line number="1204" hits="1"/>
						<line number="1206" hits="1"/>
						<line number="1208" hits="1"/>
					</lines>
				</class>
				<class name="health.py" filename="api/health.py" complexity="0" line-rate="1" branch-rate="0">
					<methods/>
					<lines>
						<line number="1" hits="1"/>
						<line number="2" hits="1"/>
						<line number="3" hits="1"/>
						<line number="4" hits="1"/>
						<line number="5" hits="1"/>
						<line number="7" hits="1"/>
						<line number="10" hits="1"/>
						<line number="11" hits="1"/>
						<line number="12" hits="1"/>
						<line number="19" hits="1"/>
						<line number="20" hits="1"/>
						<line number="21" hits="1"/>
						<line number="26" hits="1"/>
						<line number="31" hits="1"/>
						<line number="34" hits="1"/>
						<line number="35" hits="1"/>
						<line number="41" hits="1"/>
						<line number="42" hits="1"/>
						<line number="46" hits="1"/>
						<line number="47" hits="1"/>
						<line number="53" hits="1"/>
						<line number="54" hits="1"/>
						<line number="62" hits="1"/>
					</lines>
				</class>
				<class name="webauthn_router.py" filename="api/webauthn_router.py" complexity="0" line-rate="0.9821" branch-rate="0">
					<methods/>
					<lines>
						<line number="1" hits="1"/>
						<line number="2" hits="1"/>
						<line number="3" hits="1"/>
						<line number="4" hits="1"/>
						<line number="5" hits="1"/>
						<line number="6" hits="1"/>
						<line number="7" hits="1"/>
						<line number="8" hits="1"/>
						<line number="9" hits="1"/>
						<line number="10" hits="1"/>
						<line number="12" hits="1"/>
						<line number="16" hits="1"/>
						<line number="17" hits="1"/>
						<line number="33" hits="1"/>
						<line number="34" hits="1"/>
						<line number="36" hits="1"/>
						<line number="37" hits="1"/>
						<line number="39" hits="1"/>
						<line number="40" hits="1"/>
						<line number="45" hits="1"/>
						<line number="46" hits="1"/>
						<line number="64" hits="1"/>
						<line number="65" hits="1"/>
						<line number="66" hits="1"/>
						<line number="67" hits="1"/>
						<line number="69" hits="1"/>
						<line number="70" hits="1"/>
						<line number="75" hits="1"/>
						<line number="76" hits="1"/>
						<line number="100" hits="1"/>
						<line number="101" hits="1"/>
						<line number="102" hits="1"/>
						<line number="103" hits="1"/>
						<line number="104" hits="1"/>
						<line number="108" hits="1"/>
						<line number="110" hits="1"/>
						<line number="111" hits="1"/>
						<line number="113" hits="1"/>
						<line number="115" hits="1"/>
						<line number="120" hits="1"/>
						<line number="121" hits="1"/>
						<line number="143" hits="1"/>
						<line number="144" hits="1"/>
						<line number="146" hits="1"/>
						<line number="147" hits="1"/>
						<line number="152" hits="1"/>
						<line number="158" hits="1"/>
						<line number="163" hits="1"/>
						<line number="165" hits="1"/>
						<line number="170" hits="1"/>
						<line number="171" hits="1"/>
						<line number="173" hits="1"/>
						<line number="175" hits="1"/>
						<line number="181" hits="1"/>
						<line number="195" hits="1"/>
						<line number="196" hits="0"/>
					</lines>
				</class>
			</classes>
		</package>
		<package name="auth_providers" line-rate="0.8605" branch-rate="0" complexity="0">
			<classes>
				<class name="__init__.py" filename="auth_providers/__init__.py" complexity="0" line-rate="1" branch-rate="0">
					<methods/>
					<lines/>
				</class>
				<class name="base.py" filename="auth_providers/base.py" complexity="0" line-rate="0.8333" branch-rate="0">
					<methods/>
					<lines>
						<line number="1" hits="1"/>
						<line number="2" hits="1"/>
						<line number="5" hits="1"/>
						<line number="10" hits="1"/>
						<line number="11" hits="1"/>
						<line number="19" hits="0"/>
					</lines>
				</class>
				<class name="github_oauth_provider.py" filename="auth_providers/github_oauth_provider.py" complexity="0" line-rate="0.5714" branch-rate="0">
					<methods/>
					<lines>
						<line number="1" hits="1"/>
						<line number="2" hits="1"/>
						<line number="4" hits="1"/>
						<line number="5" hits="1"/>
						<line number="6" hits="1"/>
						<line number="7" hits="1"/>
						<line number="8" hits="1"/>
						<line number="9" hits="1"/>
						<line number="12" hits="1"/>
						<line number="14" hits="1"/>
						<line number="15" hits="1"/>
						<line number="16" hits="1"/>
						<line number="18" hits="1"/>
						<line number="20" hits="0"/>
						<line number="22" hits="1"/>
						<line number="24" hits="0"/>
						<line number="26" hits="0"/>
						<line number="38" hits="0"/>
						<line number="40" hits="1"/>
						<line number="42" hits="0"/>
						<line number="44" hits="0"/>
						<line number="52" hits="0"/>
						<line number="54" hits="1"/>
						<line number="56" hits="0"/>
						<line number="58" hits="0"/>
						<line number="66" hits="0"/>
						<line number="68" hits="0"/>
						<line number="70" hits="0"/>
					</lines>
				</class>
				<class name="google_oauth_provider.py" filename="auth_providers/google_oauth_provider.py" complexity="0" line-rate="0.9778" branch-rate="0">
					<methods/>
					<lines>
						<line number="1" hits="1"/>
						<line number="2" hits="1"/>
						<line number="4" hits="1"/>
						<line number="5" hits="1"/>
						<line number="7" hits="1"/>
						<line number="10" hits="1"/>
						<line number="11" hits="1"/>
						<line number="12" hits="1"/>
						<line number="13" hits="1"/>
						<line number="14" hits="1"/>
						<line number="17" hits="1"/>
						<line number="19" hits="1"/>
						<line number="21" hits="1"/>
						<line number="22" hits="1"/>
						<line number="24" hits="1"/>
						<line number="26" hits="1"/>
						<line number="28" hits="1"/>
						<line number="34" hits="1"/>
						<line number="35" hits="1"/>
						<line number="37" hits="1"/>
						<line number="38" hits="1"/>
						<line number="42" hits="1"/>
						<line number="43" hits="0"/>
						<line number="45" hits="1"/>
						<line number="50" hits="1"/>
						<line number="51" hits="1"/>
						<line number="53" hits="1"/>
						<line number="56" hits="1"/>
						<line number="57" hits="1"/>
						<line number="64" hits="1"/>
						<line number="70" hits="1"/>
						<line number="72" hits="1"/>
						<line number="83" hits="1"/>
						<line number="85" hits="1"/>
						<line number="87" hits="1"/>
						<line number="89" hits="1"/>
						<line number="91" hits="1"/>
						<line number="106" hits="1"/>
						<line number="107" hits="1"/>
						<line number="112" hits="1"/>
						<line number="114" hits="1"/>
						<line number="116" hits="1"/>
						<line number="122" hits="1"/>
						<line number="123" hits="1"/>
						<line number="125" hits="1"/>
					</lines>
				</class>
				<class name="microsoft_oauth_provider.py" filename="auth_providers/microsoft_oauth_provider.py" complexity="0" line-rate="1" branch-rate="0">
					<methods/>
					<lines/>
				</class>
				<class name="otp_provider.py" filename="auth_providers/otp_provider.py" complexity="0" line-rate="1" branch-rate="0">
					<methods/>
					<lines>
						<line number="1" hits="1"/>
						<line number="2" hits="1"/>
						<line number="3" hits="1"/>
						<line number="6" hits="1"/>
						<line number="8" hits="1"/>
						<line number="9" hits="1"/>
						<line number="10" hits="1"/>
						<line number="12" hits="1"/>
						<line number="14" hits="1"/>
						<line number="15" hits="1"/>
						<line number="16" hits="1"/>
						<line number="17" hits="1"/>
						<line number="18" hits="1"/>
						<line number="20" hits="1"/>
						<line number="22" hits="1"/>
						<line number="23" hits="1"/>
						<line number="25" hits="1"/>
						<line number="27" hits="1"/>
						<line number="28" hits="1"/>
						<line number="30" hits="1"/>
					</lines>
				</class>
				<class name="password_provider.py" filename="auth_providers/password_provider.py" complexity="0" line-rate="0.8824" branch-rate="0">
					<methods/>
					<lines>
						<line number="1" hits="1"/>
						<line number="2" hits="1"/>
						<line number="3" hits="1"/>
						<line number="6" hits="1"/>
						<line number="8" hits="1"/>
						<line number="9" hits="1"/>
						<line number="11" hits="1"/>
						<line number="13" hits="1"/>
						<line number="14" hits="1"/>
						<line number="16" hits="1"/>
						<line number="17" hits="0"/>
						<line number="19" hits="1"/>
						<line number="21" hits="1"/>
						<line number="22" hits="0"/>
						<line number="24" hits="1"/>
						<line number="25" hits="1"/>
						<line number="27" hits="1"/>
					</lines>
				</class>
				<class name="registry.py" filename="auth_providers/registry.py" complexity="0" line-rate="0.8462" branch-rate="0">
					<methods/>
					<lines>
						<line number="1" hits="1"/>
						<line number="2" hits="1"/>
						<line number="5" hits="1"/>
						<line number="10" hits="1"/>
						<line number="11" hits="1"/>
						<line number="13" hits="1"/>
						<line number="21" hits="1"/>
						<line number="22" hits="0"/>
						<line number="24" hits="1"/>
						<line number="26" hits="1"/>
						<line number="31" hits="1"/>
						<line number="33" hits="1"/>
						<line number="35" hits="0"/>
					</lines>
				</class>
			</classes>
		</package>
		<package name="cache" line-rate="0.75" branch-rate="0" complexity="0">
			<classes>
				<class name="__init__.py" filename="cache/__init__.py" complexity="0" line-rate="1" branch-rate="0">
					<methods/>
					<lines/>
				</class>
				<class name="redis_client.py" filename="cache/redis_client.py" complexity="0" line-rate="0.75" branch-rate="0">
					<methods/>
					<lines>
						<line number="1" hits="1"/>
						<line number="2" hits="1"/>
						<line number="3" hits="1"/>
						<line number="5" hits="1"/>
						<line number="8" hits="1"/>
						<line number="9" hits="1"/>
						<line number="10" hits="1"/>
						<line number="25" hits="1"/>
						<line number="27" hits="0"/>
						<line number="28" hits="0"/>
						<line number="29" hits="0"/>
						<line number="33" hits="1"/>
					</lines>
				</class>
			</classes>
		</package>
		<package name="core" line-rate="1" branch-rate="0" complexity="0">
			<classes>
				<class name="database.py" filename="core/database.py" complexity="0" line-rate="1" branch-rate="0">
					<methods/>
					<lines>
						<line number="1" hits="1"/>
						<line number="2" hits="1"/>
						<line number="3" hits="1"/>
						<line number="4" hits="1"/>
						<line number="6" hits="1"/>
						<line number="12" hits="1"/>
						<line number="25" hits="1"/>
						<line number="36" hits="1"/>
						<line number="42" hits="1"/>
						<line number="44" hits="1"/>
						<line number="46" hits="1"/>
						<line number="47" hits="1"/>
						<line number="50" hits="1"/>
					</lines>
				</class>
				<class name="health_checks.py" filename="core/health_checks.py" complexity="0" line-rate="1" branch-rate="0">
					<methods/>
					<lines>
						<line number="1" hits="1"/>
						<line number="2" hits="1"/>
						<line number="4" hits="1"/>
						<line number="5" hits="1"/>
						<line number="7" hits="1"/>
						<line number="10" hits="1"/>
						<line number="15" hits="1"/>
						<line number="16" hits="1"/>
						<line number="17" hits="1"/>
						<line number="18" hits="1"/>
						<line number="20" hits="1"/>
						<line number="21" hits="1"/>
						<line number="22" hits="1"/>
						<line number="25" hits="1"/>
						<line number="30" hits="1"/>
						<line number="31" hits="1"/>
						<line number="33" hits="1"/>
						<line number="34" hits="1"/>
						<line number="35" hits="1"/>
					</lines>
				</class>
				<class name="settings.py" filename="core/settings.py" complexity="0" line-rate="1" branch-rate="0">
					<methods/>
					<lines>
						<line number="1" hits="1"/>
						<line number="3" hits="1"/>
						<line number="4" hits="1"/>
						<line number="5" hits="1"/>
						<line number="6" hits="1"/>
						<line number="9" hits="1"/>
						<line number="12" hits="1"/>
						<line number="20" hits="1"/>
						<line number="22" hits="1"/>
					</lines>
				</class>
				<class name="startup_state.py" filename="core/startup_state.py" complexity="0" line-rate="1" branch-rate="0">
					<methods/>
					<lines>
						<line number="1" hits="1"/>
					</lines>
				</class>
			</classes>
		</package>
		<package name="core.config" line-rate="0.9256" branch-rate="0" complexity="0">
			<classes>
				<class name="__init__.py" filename="core/config/__init__.py" complexity="0" line-rate="1" branch-rate="0">
					<methods/>
					<lines>
						<line number="1" hits="1"/>
					</lines>
				</class>
				<class name="base.py" filename="core/config/base.py" complexity="0" line-rate="0.9022" branch-rate="0">
					<methods/>
					<lines>
						<line number="1" hits="1"/>
						<line number="2" hits="1"/>
						<line number="3" hits="1"/>
						<line number="5" hits="1"/>
						<line number="6" hits="1"/>
						<line number="10" hits="1"/>
						<line number="13" hits="1"/>
						<line number="18" hits="1"/>
						<line number="19" hits="1"/>
						<line number="20" hits="1"/>
						<line number="22" hits="1"/>
						<line number="26" hits="1"/>
						<line number="27" hits="1"/>
						<line number="28" hits="1"/>
						<line number="29" hits="1"/>
						<line number="31" hits="1"/>
						<line number="36" hits="1"/>
						<line number="38" hits="1"/>
						<line number="42" hits="1"/>
						<line number="47" hits="1"/>
						<line number="48" hits="1"/>
						<line number="49" hits="1"/>
						<line number="50" hits="1"/>
						<line number="53" hits="1"/>
						<line number="54" hits="1"/>
						<line number="55" hits="1"/>
						<line number="56" hits="1"/>
						<line number="57" hits="1"/>
						<line number="62" hits="1"/>
						<line number="63" hits="1"/>
						<line number="64" hits="1"/>
						<line number="69" hits="1"/>
						<line number="70" hits="1"/>
						<line number="75" hits="1"/>
						<line number="76" hits="1"/>
						<line number="77" hits="1"/>
						<line number="78" hits="1"/>
						<line number="81" hits="1"/>
						<line number="83" hits="1"/>
						<line number="84" hits="1"/>
						<line number="88" hits="1"/>
						<line number="89" hits="1"/>
						<line number="90" hits="1"/>
						<line number="91" hits="1"/>
						<line number="92" hits="1"/>
						<line number="98" hits="1"/>
						<line number="99" hits="1"/>
						<line number="101" hits="1"/>
						<line number="103" hits="1"/>
						<line number="104" hits="1"/>
						<line number="105" hits="1"/>
						<line number="106" hits="1"/>
						<line number="108" hits="1"/>
						<line number="109" hits="1"/>
						<line number="110" hits="1"/>
						<line number="117" hits="1"/>
						<line number="118" hits="1"/>
						<line number="120" hits="1"/>
						<line number="121" hits="1"/>
						<line number="122" hits="0"/>
						<line number="125" hits="1"/>
						<line number="126" hits="1"/>
						<line number="127" hits="1"/>
						<line number="129" hits="0"/>
						<line number="132" hits="1"/>
						<line number="133" hits="1"/>
						<line number="135" hits="1"/>
						<line number="136" hits="1"/>
						<line number="137" hits="0"/>
						<line number="140" hits="1"/>
						<line number="141" hits="1"/>
						<line number="142" hits="1"/>
						<line number="144" hits="0"/>
						<line number="162" hits="1"/>
						<line number="168" hits="1"/>
						<line number="169" hits="1"/>
						<line number="171" hits="1"/>
						<line number="172" hits="1"/>
						<line number="174" hits="0"/>
						<line number="176" hits="1"/>
						<line number="177" hits="1"/>
						<line number="178" hits="0"/>
						<line number="180" hits="1"/>
						<line number="181" hits="1"/>
						<line number="182" hits="0"/>
						<line number="184" hits="1"/>
						<line number="185" hits="1"/>
						<line number="186" hits="0"/>
						<line number="188" hits="1"/>
						<line number="189" hits="1"/>
						<line number="190" hits="0"/>
						<line number="195" hits="1"/>
					</lines>
				</class>
				<class name="development.py" filename="core/config/development.py" complexity="0" line-rate="1" branch-rate="0">
					<methods/>
					<lines>
						<line number="1" hits="1"/>
						<line number="4" hits="1"/>
						<line number="6" hits="1"/>
						<line number="8" hits="1"/>
						<line number="10" hits="1"/>
						<line number="12" hits="1"/>
						<line number="14" hits="1"/>
					</lines>
				</class>
				<class name="production.py" filename="core/config/production.py" complexity="0" line-rate="1" branch-rate="0">
					<methods/>
					<lines>
						<line number="1" hits="1"/>
						<line number="4" hits="1"/>
						<line number="6" hits="1"/>
						<line number="8" hits="1"/>
						<line number="10" hits="1"/>
						<line number="12" hits="1"/>
						<line number="14" hits="1"/>
					</lines>
				</class>
				<class name="staging.py" filename="core/config/staging.py" complexity="0" line-rate="1" branch-rate="0">
					<methods/>
					<lines>
						<line number="1" hits="1"/>
						<line number="4" hits="1"/>
						<line number="6" hits="1"/>
						<line number="8" hits="1"/>
						<line number="10" hits="1"/>
						<line number="12" hits="1"/>
						<line number="14" hits="1"/>
					</lines>
				</class>
				<class name="testing.py" filename="core/config/testing.py" complexity="0" line-rate="1" branch-rate="0">
					<methods/>
					<lines>
						<line number="1" hits="1"/>
						<line number="4" hits="1"/>
						<line number="6" hits="1"/>
						<line number="8" hits="1"/>
						<line number="10" hits="1"/>
						<line number="12" hits="1"/>
						<line number="14" hits="1"/>
					</lines>
				</class>
			</classes>
		</package>
		<package name="dependencies" line-rate="1" branch-rate="0" complexity="0">
			<classes>
				<class name="__init__.py" filename="dependencies/__init__.py" complexity="0" line-rate="1" branch-rate="0">
					<methods/>
					<lines/>
				</class>
				<class name="auth_dependencies.py" filename="dependencies/auth_dependencies.py" complexity="0" line-rate="1" branch-rate="0">
					<methods/>
					<lines>
						<line number="1" hits="1"/>
						<line number="2" hits="1"/>
						<line number="4" hits="1"/>
						<line number="6" hits="1"/>
						<line number="7" hits="1"/>
						<line number="8" hits="1"/>
						<line number="9" hits="1"/>
						<line number="11" hits="1"/>
						<line number="12" hits="1"/>
						<line number="13" hits="1"/>
						<line number="14" hits="1"/>
						<line number="15" hits="1"/>
						<line number="16" hits="1"/>
						<line number="17" hits="1"/>
						<line number="18" hits="1"/>
						<line number="19" hits="1"/>
						<line number="21" hits="1"/>
						<line number="22" hits="1"/>
						<line number="23" hits="1"/>
						<line number="24" hits="1"/>
						<line number="25" hits="1"/>
						<line number="29" hits="1"/>
						<line number="32" hits="1"/>
						<line number="33" hits="1"/>
						<line number="34" hits="1"/>
						<line number="35" hits="1"/>
						<line number="36" hits="1"/>
						<line number="37" hits="1"/>
						<line number="38" hits="1"/>
						<line number="39" hits="1"/>
						<line number="42" hits="1"/>
						<line number="43" hits="1"/>
						<line number="49" hits="1"/>
						<line number="52" hits="1"/>
						<line number="57" hits="1"/>
						<line number="62" hits="1"/>
						<line number="67" hits="1"/>
						<line number="81" hits="1"/>
						<line number="95" hits="1"/>
						<line number="97" hits="1"/>
						<line number="99" hits="1"/>
					</lines>
				</class>
				<class name="services.py" filename="dependencies/services.py" complexity="0" line-rate="1" branch-rate="0">
					<methods/>
					<lines>
						<line number="1" hits="1"/>
						<line number="2" hits="1"/>
						<line number="4" hits="1"/>
						<line number="5" hits="1"/>
						<line number="6" hits="1"/>
						<line number="7" hits="1"/>
						<line number="10" hits="1"/>
						<line number="14" hits="1"/>
						<line number="15" hits="1"/>
						<line number="17" hits="1"/>
					</lines>
				</class>
			</classes>
		</package>
		<package name="middleware" line-rate="0.9195" branch-rate="0" complexity="0">
			<classes>
				<class name="__init__.py" filename="middleware/__init__.py" complexity="0" line-rate="1" branch-rate="0">
					<methods/>
					<lines/>
				</class>
				<class name="rate_limit_middleware.py" filename="middleware/rate_limit_middleware.py" complexity="0" line-rate="0.9195" branch-rate="0">
					<methods/>
					<lines>
						<line number="1" hits="1"/>
						<line number="2" hits="1"/>
						<line number="3" hits="1"/>
						<line number="4" hits="1"/>
						<line number="6" hits="1"/>
						<line number="7" hits="1"/>
						<line number="8" hits="1"/>
						<line number="10" hits="1"/>
						<line number="11" hits="1"/>
						<line number="12" hits="1"/>
						<line number="13" hits="1"/>
						<line number="14" hits="1"/>
						<line number="16" hits="1"/>
						<line number="19" hits="1"/>
						<line number="21" hits="1"/>
						<line number="22" hits="1"/>
						<line number="25" hits="1"/>
						<line number="32" hits="1"/>
						<line number="39" hits="1"/>
						<line number="48" hits="1"/>
						<line number="53" hits="1"/>
						<line number="54" hits="1"/>
						<line number="56" hits="1"/>
						<line number="57" hits="1"/>
						<line number="59" hits="1"/>
						<line number="62" hits="1"/>
						<line number="63" hits="1"/>
						<line number="64" hits="1"/>
						<line number="67" hits="1"/>
						<line number="68" hits="1"/>
						<line number="69" hits="1"/>
						<line number="72" hits="1"/>
						<line number="73" hits="1"/>
						<line number="74" hits="1"/>
						<line number="76" hits="1"/>
						<line number="78" hits="0"/>
						<line number="79" hits="0"/>
						<line number="81" hits="0"/>
						<line number="92" hits="0"/>
						<line number="98" hits="1"/>
						<line number="100" hits="1"/>
						<line number="101" hits="1"/>
						<line number="103" hits="1"/>
						<line number="104" hits="0"/>
						<line number="106" hits="1"/>
						<line number="112" hits="1"/>
						<line number="114" hits="1"/>
						<line number="116" hits="1"/>
						<line number="118" hits="1"/>
						<line number="123" hits="1"/>
						<line number="136" hits="1"/>
						<line number="143" hits="1"/>
						<line number="149" hits="1"/>
						<line number="151" hits="1"/>
						<line number="153" hits="1"/>
						<line number="154" hits="1"/>
						<line number="156" hits="1"/>
						<line number="158" hits="1"/>
						<line number="161" hits="1"/>
						<line number="163" hits="1"/>
						<line number="168" hits="1"/>
						<line number="182" hits="1"/>
						<line number="189" hits="1"/>
						<line number="195" hits="1"/>
						<line number="197" hits="1"/>
						<line number="203" hits="1"/>
						<line number="205" hits="1"/>
						<line number="207" hits="1"/>
						<line number="208" hits="1"/>
						<line number="210" hits="1"/>
						<line number="212" hits="1"/>
						<line number="214" hits="1"/>
						<line number="219" hits="1"/>
						<line number="232" hits="1"/>
						<line number="239" hits="1"/>
						<line number="245" hits="1"/>
						<line number="247" hits="1"/>
						<line number="249" hits="1"/>
						<line number="250" hits="1"/>
						<line number="252" hits="1"/>
						<line number="254" hits="1"/>
						<line number="256" hits="1"/>
						<line number="258" hits="1"/>
						<line number="260" hits="0"/>
						<line number="261" hits="0"/>
						<line number="267" hits="1"/>
						<line number="269" hits="1"/>
					</lines>
				</class>
			</classes>
		</package>
		<package name="models" line-rate="1" branch-rate="0" complexity="0">
			<classes>
				<class name="__init__.py" filename="models/__init__.py" complexity="0" line-rate="1" branch-rate="0">
					<methods/>
					<lines>
						<line number="1" hits="1"/>
						<line number="2" hits="1"/>
						<line number="3" hits="1"/>
						<line number="4" hits="1"/>
						<line number="5" hits="1"/>
						<line number="6" hits="1"/>
						<line number="7" hits="1"/>
						<line number="8" hits="1"/>
						<line number="9" hits="1"/>
						<line number="10" hits="1"/>
						<line number="11" hits="1"/>
						<line number="12" hits="1"/>
						<line number="13" hits="1"/>
						<line number="14" hits="1"/>
					</lines>
				</class>
				<class name="associations.py" filename="models/associations.py" complexity="0" line-rate="1" branch-rate="0">
					<methods/>
					<lines>
						<line number="1" hits="1"/>
						<line number="2" hits="1"/>
						<line number="3" hits="1"/>
						<line number="5" hits="1"/>
						<line number="7" hits="1"/>
						<line number="14" hits="1"/>
					</lines>
				</class>
				<class name="audit_log.py" filename="models/audit_log.py" complexity="0" line-rate="1" branch-rate="0">
					<methods/>
					<lines>
						<line number="1" hits="1"/>
						<line number="2" hits="1"/>
						<line number="3" hits="1"/>
						<line number="4" hits="1"/>
						<line number="5" hits="1"/>
						<line number="8" hits="1"/>
						<line number="9" hits="1"/>
						<line number="11" hits="1"/>
						<line number="13" hits="1"/>
						<line number="15" hits="1"/>
						<line number="16" hits="1"/>
						<line number="18" hits="1"/>
						<line number="19" hits="1"/>
						<line number="21" hits="1"/>
						<line number="23" hits="1"/>
					</lines>
				</class>
				<class name="email_verification_token.py" filename="models/email_verification_token.py" complexity="0" line-rate="1" branch-rate="0">
					<methods/>
					<lines>
						<line number="1" hits="1"/>
						<line number="2" hits="1"/>
						<line number="4" hits="1"/>
						<line number="5" hits="1"/>
						<line number="6" hits="1"/>
						<line number="8" hits="1"/>
						<line number="10" hits="1"/>
						<line number="12" hits="1"/>
						<line number="14" hits="1"/>
						<line number="16" hits="1"/>
						<line number="18" hits="1"/>
						<line number="20" hits="1"/>
						<line number="22" hits="1"/>
						<line number="24" hits="1"/>
					</lines>
				</class>
				<class name="oauth_account.py" filename="models/oauth_account.py" complexity="0" line-rate="1" branch-rate="0">
					<methods/>
					<lines>
						<line number="1" hits="1"/>
						<line number="2" hits="1"/>
						<line number="3" hits="1"/>
						<line number="4" hits="1"/>
						<line number="5" hits="1"/>
						<line number="6" hits="1"/>
						<line number="8" hits="1"/>
						<line number="10" hits="1"/>
						<line number="12" hits="1"/>
						<line number="14" hits="1"/>
						<line number="20" hits="1"/>
						<line number="22" hits="1"/>
						<line number="24" hits="1"/>
						<line number="26" hits="1"/>
						<line number="28" hits="1"/>
						<line number="30" hits="1"/>
						<line number="32" hits="1"/>
						<line number="37" hits="1"/>
						<line number="39" hits="1"/>
					</lines>
				</class>
				<class name="password_reset_token.py" filename="models/password_reset_token.py" complexity="0" line-rate="1" branch-rate="0">
					<methods/>
					<lines>
						<line number="1" hits="1"/>
						<line number="2" hits="1"/>
						<line number="4" hits="1"/>
						<line number="5" hits="1"/>
						<line number="6" hits="1"/>
						<line number="8" hits="1"/>
						<line number="11" hits="1"/>
						<line number="13" hits="1"/>
						<line number="15" hits="1"/>
						<line number="17" hits="1"/>
						<line number="19" hits="1"/>
						<line number="21" hits="1"/>
						<line number="23" hits="1"/>
						<line number="25" hits="1"/>
					</lines>
				</class>
				<class name="permission.py" filename="models/permission.py" complexity="0" line-rate="1" branch-rate="0">
					<methods/>
					<lines>
						<line number="1" hits="1"/>
						<line number="2" hits="1"/>
						<line number="3" hits="1"/>
						<line number="4" hits="1"/>
						<line number="6" hits="1"/>
						<line number="9" hits="1"/>
						<line number="10" hits="1"/>
						<line number="12" hits="1"/>
						<line number="13" hits="1"/>
						<line number="15" hits="1"/>
					</lines>
				</class>
				<class name="recovery_code.py" filename="models/recovery_code.py" complexity="0" line-rate="1" branch-rate="0">
					<methods/>
					<lines>
						<line number="1" hits="1"/>
						<line number="2" hits="1"/>
						<line number="4" hits="1"/>
						<line number="5" hits="1"/>
						<line number="6" hits="1"/>
						<line number="8" hits="1"/>
						<line number="11" hits="1"/>
						<line number="13" hits="1"/>
						<line number="15" hits="1"/>
						<line number="17" hits="1"/>
						<line number="23" hits="1"/>
						<line number="25" hits="1"/>
						<line number="27" hits="1"/>
						<line number="32" hits="1"/>
					</lines>
				</class>
				<class name="refresh_token.py" filename="models/refresh_token.py" complexity="0" line-rate="1" branch-rate="0">
					<methods/>
					<lines>
						<line number="1" hits="1"/>
						<line number="2" hits="1"/>
						<line number="3" hits="1"/>
						<line number="4" hits="1"/>
						<line number="5" hits="1"/>
						<line number="7" hits="1"/>
						<line number="8" hits="1"/>
						<line number="10" hits="1"/>
						<line number="11" hits="1"/>
						<line number="12" hits="1"/>
						<line number="13" hits="1"/>
						<line number="14" hits="1"/>
					</lines>
				</class>
				<class name="role.py" filename="models/role.py" complexity="0" line-rate="1" branch-rate="0">
					<methods/>
					<lines>
						<line number="1" hits="1"/>
						<line number="2" hits="1"/>
						<line number="3" hits="1"/>
						<line number="4" hits="1"/>
						<line number="6" hits="1"/>
						<line number="9" hits="1"/>
						<line number="10" hits="1"/>
						<line number="12" hits="1"/>
						<line number="13" hits="1"/>
						<line number="15" hits="1"/>
					</lines>
				</class>
				<class name="totp_credential.py" filename="models/totp_credential.py" complexity="0" line-rate="1" branch-rate="0">
					<methods/>
					<lines>
						<line number="1" hits="1"/>
						<line number="2" hits="1"/>
						<line number="4" hits="1"/>
						<line number="5" hits="1"/>
						<line number="6" hits="1"/>
						<line number="8" hits="1"/>
						<line number="11" hits="1"/>
						<line number="13" hits="1"/>
						<line number="15" hits="1"/>
						<line number="21" hits="1"/>
						<line number="27" hits="1"/>
						<line number="29" hits="1"/>
						<line number="31" hits="1"/>
						<line number="36" hits="1"/>
					</lines>
				</class>
				<class name="user.py" filename="models/user.py" complexity="0" line-rate="1" branch-rate="0">
					<methods/>
					<lines>
						<line number="1" hits="1"/>
						<line number="2" hits="1"/>
						<line number="3" hits="1"/>
						<line number="4" hits="1"/>
						<line number="5" hits="1"/>
						<line number="6" hits="1"/>
						<line number="7" hits="1"/>
						<line number="9" hits="1"/>
						<line number="10" hits="1"/>
						<line number="12" hits="1"/>
						<line number="13" hits="1"/>
						<line number="14" hits="1"/>
						<line number="15" hits="1"/>
						<line number="16" hits="1"/>
						<line number="17" hits="1"/>
						<line number="18" hits="1"/>
						<line number="19" hits="1"/>
						<line number="20" hits="1"/>
						<line number="21" hits="1"/>
						<line number="23" hits="1"/>
						<line number="29" hits="1"/>
					</lines>
				</class>
				<class name="user_device.py" filename="models/user_device.py" complexity="0" line-rate="1" branch-rate="0">
					<methods/>
					<lines>
						<line number="1" hits="1"/>
						<line number="2" hits="1"/>
						<line number="3" hits="1"/>
						<line number="4" hits="1"/>
						<line number="6" hits="1"/>
						<line number="9" hits="1"/>
						<line number="11" hits="1"/>
						<line number="13" hits="1"/>
						<line number="15" hits="1"/>
						<line number="17" hits="1"/>
						<line number="19" hits="1"/>
						<line number="21" hits="1"/>
						<line number="23" hits="1"/>
					</lines>
				</class>
				<class name="user_session.py" filename="models/user_session.py" complexity="0" line-rate="1" branch-rate="0">
					<methods/>
					<lines>
						<line number="1" hits="1"/>
						<line number="2" hits="1"/>
						<line number="3" hits="1"/>
						<line number="4" hits="1"/>
						<line number="5" hits="1"/>
						<line number="8" hits="1"/>
						<line number="9" hits="1"/>
						<line number="11" hits="1"/>
						<line number="13" hits="1"/>
						<line number="15" hits="1"/>
						<line number="17" hits="1"/>
						<line number="18" hits="1"/>
						<line number="19" hits="1"/>
						<line number="21" hits="1"/>
						<line number="23" hits="1"/>
						<line number="24" hits="1"/>
					</lines>
				</class>
				<class name="webauthn_credential.py" filename="models/webauthn_credential.py" complexity="0" line-rate="1" branch-rate="0">
					<methods/>
					<lines>
						<line number="1" hits="1"/>
						<line number="2" hits="1"/>
						<line number="3" hits="1"/>
						<line number="4" hits="1"/>
						<line number="5" hits="1"/>
						<line number="8" hits="1"/>
						<line number="10" hits="1"/>
						<line number="12" hits="1"/>
						<line number="14" hits="1"/>
						<line number="16" hits="1"/>
						<line number="18" hits="1"/>
						<line number="20" hits="1"/>
						<line number="22" hits="1"/>
					</lines>
				</class>
			</classes>
		</package>
		<package name="observability" line-rate="0.9798" branch-rate="0" complexity="0">
			<classes>
				<class name="logging_config.py" filename="observability/logging_config.py" complexity="0" line-rate="1" branch-rate="0">
					<methods/>
					<lines>
						<line number="1" hits="1"/>
						<line number="2" hits="1"/>
						<line number="3" hits="1"/>
						<line number="4" hits="1"/>
						<line number="6" hits="1"/>
						<line number="7" hits="1"/>
						<line number="10" hits="1"/>
						<line number="12" hits="1"/>
						<line number="14" hits="1"/>
						<line number="25" hits="1"/>
						<line number="41" hits="1"/>
						<line number="42" hits="1"/>
						<line number="43" hits="1"/>
						<line number="44" hits="1"/>
						<line number="47" hits="1"/>
						<line number="48" hits="1"/>
						<line number="50" hits="1"/>
						<line number="53" hits="1"/>
						<line number="55" hits="1"/>
						<line number="56" hits="1"/>
						<line number="58" hits="1"/>
						<line number="59" hits="1"/>
						<line number="62" hits="1"/>
						<line number="63" hits="1"/>
						<line number="66" hits="1"/>
					</lines>
				</class>
				<class name="metrics.py" filename="observability/metrics.py" complexity="0" line-rate="1" branch-rate="0">
					<methods/>
					<lines>
						<line number="1" hits="1"/>
						<line number="3" hits="1"/>
						<line number="9" hits="1"/>
						<line number="15" hits="1"/>
						<line number="21" hits="1"/>
					</lines>
				</class>
				<class name="metrics_middleware.py" filename="observability/metrics_middleware.py" complexity="0" line-rate="1" branch-rate="0">
					<methods/>
					<lines>
						<line number="1" hits="1"/>
						<line number="2" hits="1"/>
						<line number="3" hits="1"/>
						<line number="5" hits="1"/>
						<line number="8" hits="1"/>
						<line number="10" hits="1"/>
						<line number="12" hits="1"/>
						<line number="14" hits="1"/>
						<line number="15" hits="1"/>
						<line number="16" hits="1"/>
						<line number="18" hits="1"/>
						<line number="19" hits="1"/>
						<line number="20" hits="1"/>
						<line number="24" hits="1"/>
						<line number="25" hits="1"/>
						<line number="27" hits="1"/>
						<line number="33" hits="1"/>
						<line number="35" hits="1"/>
					</lines>
				</class>
				<class name="request_id_middleware.py" filename="observability/request_id_middleware.py" complexity="0" line-rate="1" branch-rate="0">
					<methods/>
					<lines>
						<line number="1" hits="1"/>
						<line number="2" hits="1"/>
						<line number="3" hits="1"/>
						<line number="6" hits="1"/>
						<line number="8" hits="1"/>
						<line number="10" hits="1"/>
						<line number="12" hits="1"/>
						<line number="13" hits="1"/>
						<line number="15" hits="1"/>
						<line number="17" hits="1"/>
						<line number="19" hits="1"/>
						<line number="21" hits="1"/>
					</lines>
				</class>
				<class name="request_logging_middleware.py" filename="observability/request_logging_middleware.py" complexity="0" line-rate="1" branch-rate="0">
					<methods/>
					<lines>
						<line number="1" hits="1"/>
						<line number="2" hits="1"/>
						<line number="3" hits="1"/>
						<line number="4" hits="1"/>
						<line number="6" hits="1"/>
						<line number="9" hits="1"/>
						<line number="11" hits="1"/>
						<line number="13" hits="1"/>
						<line number="15" hits="1"/>
						<line number="16" hits="1"/>
						<line number="17" hits="1"/>
						<line number="19" hits="1"/>
						<line number="20" hits="1"/>
						<line number="21" hits="1"/>
						<line number="30" hits="1"/>
						<line number="32" hits="1"/>
						<line number="34" hits="1"/>
						<line number="48" hits="1"/>
					</lines>
				</class>
				<class name="tracing.py" filename="observability/tracing.py" complexity="0" line-rate="0.9048" branch-rate="0">
					<methods/>
					<lines>
						<line number="1" hits="1"/>
						<line number="4" hits="1"/>
						<line number="6" hits="1"/>
						<line number="7" hits="1"/>
						<line number="9" hits="1"/>
						<line number="10" hits="1"/>
						<line number="11" hits="1"/>
						<line number="12" hits="1"/>
						<line number="13" hits="1"/>
						<line number="14" hits="1"/>
						<line number="15" hits="1"/>
						<line number="17" hits="1"/>
						<line number="21" hits="1"/>
						<line number="22" hits="1"/>
						<line number="24" hits="1"/>
						<line number="29" hits="1"/>
						<line number="30" hits="1"/>
						<line number="32" hits="1"/>
						<line number="34" hits="1"/>
						<line number="35" hits="0"/>
						<line number="36" hits="0"/>
					</lines>
				</class>
			</classes>
		</package>
		<package name="rbac" line-rate="1" branch-rate="0" complexity="0">
			<classes>
				<class name="__init__.py" filename="rbac/__init__.py" complexity="0" line-rate="1" branch-rate="0">
					<methods/>
					<lines/>
				</class>
				<class name="dependencies.py" filename="rbac/dependencies.py" complexity="0" line-rate="1" branch-rate="0">
					<methods/>
					<lines>
						<line number="1" hits="1"/>
						<line number="2" hits="1"/>
						<line number="3" hits="1"/>
						<line number="4" hits="1"/>
						<line number="5" hits="1"/>
						<line number="8" hits="1"/>
						<line number="10" hits="1"/>
						<line number="15" hits="1"/>
						<line number="17" hits="1"/>
						<line number="18" hits="1"/>
						<line number="23" hits="1"/>
						<line number="25" hits="1"/>
					</lines>
				</class>
			</classes>
		</package>
		<package name="repositories" line-rate="1" branch-rate="0" complexity="0">
			<classes>
				<class name="__init__.py" filename="repositories/__init__.py" complexity="0" line-rate="1" branch-rate="0">
					<methods/>
					<lines/>
				</class>
				<class name="audit_repository.py" filename="repositories/audit_repository.py" complexity="0" line-rate="1" branch-rate="0">
					<methods/>
					<lines>
						<line number="1" hits="1"/>
						<line number="4" hits="1"/>
						<line number="6" hits="1"/>
						<line number="7" hits="1"/>
						<line number="9" hits="1"/>
						<line number="10" hits="1"/>
						<line number="11" hits="1"/>
						<line number="12" hits="1"/>
						<line number="13" hits="1"/>
					</lines>
				</class>
				<class name="device_repository.py" filename="repositories/device_repository.py" complexity="0" line-rate="1" branch-rate="0">
					<methods/>
					<lines>
						<line number="1" hits="1"/>
						<line number="2" hits="1"/>
						<line number="5" hits="1"/>
						<line number="7" hits="1"/>
						<line number="8" hits="1"/>
						<line number="10" hits="1"/>
						<line number="12" hits="1"/>
						<line number="17" hits="1"/>
						<line number="19" hits="1"/>
						<line number="26" hits="1"/>
						<line number="27" hits="1"/>
						<line number="28" hits="1"/>
						<line number="30" hits="1"/>
					</lines>
				</class>
				<class name="email_verification_repository.py" filename="repositories/email_verification_repository.py" complexity="0" line-rate="1" branch-rate="0">
					<methods/>
					<lines>
						<line number="1" hits="1"/>
						<line number="3" hits="1"/>
						<line number="6" hits="1"/>
						<line number="8" hits="1"/>
						<line number="9" hits="1"/>
						<line number="11" hits="1"/>
						<line number="13" hits="1"/>
						<line number="14" hits="1"/>
						<line number="15" hits="1"/>
						<line number="17" hits="1"/>
						<line number="19" hits="1"/>
						<line number="21" hits="1"/>
						<line number="27" hits="1"/>
						<line number="29" hits="1"/>
						<line number="30" hits="1"/>
						<line number="32" hits="1"/>
						<line number="34" hits="1"/>
						<line number="40" hits="1"/>
					</lines>
				</class>
				<class name="oauth_repository.py" filename="repositories/oauth_repository.py" complexity="0" line-rate="1" branch-rate="0">
					<methods/>
					<lines>
						<line number="1" hits="1"/>
						<line number="2" hits="1"/>
						<line number="5" hits="1"/>
						<line number="7" hits="1"/>
						<line number="8" hits="1"/>
						<line number="10" hits="1"/>
						<line number="12" hits="1"/>
						<line number="21" hits="1"/>
						<line number="23" hits="1"/>
						<line number="24" hits="1"/>
						<line number="25" hits="1"/>
						<line number="27" hits="1"/>
					</lines>
				</class>
				<class name="password_reset_repository.py" filename="repositories/password_reset_repository.py" complexity="0" line-rate="1" branch-rate="0">
					<methods/>
					<lines>
						<line number="1" hits="1"/>
						<line number="3" hits="1"/>
						<line number="5" hits="1"/>
						<line number="6" hits="1"/>
						<line number="8" hits="1"/>
						<line number="9" hits="1"/>
						<line number="10" hits="1"/>
						<line number="11" hits="1"/>
						<line number="12" hits="1"/>
						<line number="14" hits="1"/>
						<line number="15" hits="1"/>
						<line number="21" hits="1"/>
						<line number="22" hits="1"/>
						<line number="23" hits="1"/>
					</lines>
				</class>
				<class name="permission_repository.py" filename="repositories/permission_repository.py" complexity="0" line-rate="1" branch-rate="0">
					<methods/>
					<lines>
						<line number="1" hits="1"/>
						<line number="3" hits="1"/>
						<line number="5" hits="1"/>
						<line number="6" hits="1"/>
						<line number="8" hits="1"/>
						<line number="9" hits="1"/>
						<line number="10" hits="1"/>
						<line number="11" hits="1"/>
						<line number="12" hits="1"/>
						<line number="14" hits="1"/>
						<line number="15" hits="1"/>
						<line number="17" hits="1"/>
						<line number="18" hits="1"/>
					</lines>
				</class>
				<class name="recovery_code_repository.py" filename="repositories/recovery_code_repository.py" complexity="0" line-rate="1" branch-rate="0">
					<methods/>
					<lines>
						<line number="1" hits="1"/>
						<line number="2" hits="1"/>
						<line number="5" hits="1"/>
						<line number="7" hits="1"/>
						<line number="8" hits="1"/>
						<line number="10" hits="1"/>
						<line number="12" hits="1"/>
						<line number="13" hits="1"/>
						<line number="14" hits="1"/>
						<line number="16" hits="1"/>
						<line number="18" hits="1"/>
						<line number="20" hits="1"/>
						<line number="30" hits="1"/>
						<line number="32" hits="1"/>
						<line number="33" hits="1"/>
						<line number="35" hits="1"/>
						<line number="37" hits="1"/>
						<line number="43" hits="1"/>
					</lines>
				</class>
				<class name="role_repository.py" filename="repositories/role_repository.py" complexity="0" line-rate="1" branch-rate="0">
					<methods/>
					<lines>
						<line number="1" hits="1"/>
						<line number="2" hits="1"/>
						<line number="4" hits="1"/>
						<line number="6" hits="1"/>
						<line number="7" hits="1"/>
						<line number="9" hits="1"/>
						<line number="10" hits="1"/>
						<line number="11" hits="1"/>
						<line number="12" hits="1"/>
						<line number="13" hits="1"/>
						<line number="15" hits="1"/>
						<line number="16" hits="1"/>
						<line number="17" hits="1"/>
						<line number="19" hits="1"/>
						<line number="21" hits="1"/>
						<line number="22" hits="1"/>
						<line number="24" hits="1"/>
						<line number="25" hits="1"/>
					</lines>
				</class>
				<class name="session_repository.py" filename="repositories/session_repository.py" complexity="0" line-rate="1" branch-rate="0">
					<methods/>
					<lines>
						<line number="1" hits="1"/>
						<line number="2" hits="1"/>
						<line number="5" hits="1"/>
						<line number="7" hits="1"/>
						<line number="8" hits="1"/>
						<line number="10" hits="1"/>
						<line number="11" hits="1"/>
						<line number="12" hits="1"/>
						<line number="13" hits="1"/>
						<line number="14" hits="1"/>
						<line number="16" hits="1"/>
						<line number="17" hits="1"/>
						<line number="21" hits="1"/>
						<line number="22" hits="1"/>
						<line number="27" hits="1"/>
						<line number="29" hits="1"/>
						<line number="33" hits="1"/>
						<line number="35" hits="1"/>
						<line number="36" hits="1"/>
						<line number="39" hits="1"/>
						<line number="41" hits="1"/>
						<line number="42" hits="1"/>
						<line number="47" hits="1"/>
						<line number="48" hits="1"/>
						<line number="49" hits="1"/>
						<line number="50" hits="1"/>
					</lines>
				</class>
				<class name="token_repository.py" filename="repositories/token_repository.py" complexity="0" line-rate="1" branch-rate="0">
					<methods/>
					<lines>
						<line number="1" hits="1"/>
						<line number="3" hits="1"/>
						<line number="5" hits="1"/>
						<line number="6" hits="1"/>
						<line number="8" hits="1"/>
						<line number="9" hits="1"/>
						<line number="10" hits="1"/>
						<line number="11" hits="1"/>
						<line number="12" hits="1"/>
						<line number="14" hits="1"/>
						<line number="15" hits="1"/>
						<line number="20" hits="1"/>
						<line number="21" hits="1"/>
						<line number="22" hits="1"/>
						<line number="24" hits="1"/>
						<line number="25" hits="1"/>
						<line number="28" hits="1"/>
					</lines>
				</class>
				<class name="totp_repository.py" filename="repositories/totp_repository.py" complexity="0" line-rate="1" branch-rate="0">
					<methods/>
					<lines>
						<line number="1" hits="1"/>
						<line number="2" hits="1"/>
						<line number="5" hits="1"/>
						<line number="7" hits="1"/>
						<line number="8" hits="1"/>
						<line number="10" hits="1"/>
						<line number="12" hits="1"/>
						<line number="18" hits="1"/>
						<line number="20" hits="1"/>
						<line number="21" hits="1"/>
						<line number="22" hits="1"/>
						<line number="24" hits="1"/>
						<line number="26" hits="1"/>
						<line number="28" hits="1"/>
						<line number="29" hits="1"/>
					</lines>
				</class>
				<class name="user_repository.py" filename="repositories/user_repository.py" complexity="0" line-rate="1" branch-rate="0">
					<methods/>
					<lines>
						<line number="1" hits="1"/>
						<line number="2" hits="1"/>
						<line number="3" hits="1"/>
						<line number="5" hits="1"/>
						<line number="7" hits="1"/>
						<line number="8" hits="1"/>
						<line number="10" hits="1"/>
						<line number="11" hits="1"/>
						<line number="13" hits="1"/>
						<line number="14" hits="1"/>
						<line number="15" hits="1"/>
						<line number="17" hits="1"/>
						<line number="19" hits="1"/>
						<line number="20" hits="1"/>
						<line number="22" hits="1"/>
						<line number="23" hits="1"/>
						<line number="24" hits="1"/>
						<line number="25" hits="1"/>
						<line number="26" hits="1"/>
						<line number="28" hits="1"/>
						<line number="29" hits="1"/>
						<line number="30" hits="1"/>
						<line number="31" hits="1"/>
						<line number="33" hits="1"/>
						<line number="35" hits="1"/>
						<line number="42" hits="1"/>
						<line number="44" hits="1"/>
						<line number="49" hits="1"/>
						<line number="50" hits="1"/>
						<line number="51" hits="1"/>
						<line number="53" hits="1"/>
					</lines>
				</class>
				<class name="webauthn_repository.py" filename="repositories/webauthn_repository.py" complexity="0" line-rate="1" branch-rate="0">
					<methods/>
					<lines>
						<line number="1" hits="1"/>
						<line number="2" hits="1"/>
						<line number="4" hits="1"/>
						<line number="6" hits="1"/>
						<line number="7" hits="1"/>
						<line number="9" hits="1"/>
						<line number="10" hits="1"/>
						<line number="11" hits="1"/>
						<line number="12" hits="1"/>
						<line number="13" hits="1"/>
						<line number="15" hits="1"/>
						<line number="16" hits="1"/>
						<line number="17" hits="1"/>
						<line number="18" hits="1"/>
						<line number="19" hits="1"/>
						<line number="21" hits="1"/>
						<line number="22" hits="1"/>
						<line number="26" hits="1"/>
						<line number="27" hits="1"/>
					</lines>
				</class>
			</classes>
		</package>
		<package name="schemas" line-rate="1" branch-rate="0" complexity="0">
			<classes>
				<class name="__init__.py" filename="schemas/__init__.py" complexity="0" line-rate="1" branch-rate="0">
					<methods/>
					<lines/>
				</class>
				<class name="auth_schema.py" filename="schemas/auth_schema.py" complexity="0" line-rate="1" branch-rate="0">
					<methods/>
					<lines>
						<line number="1" hits="1"/>
						<line number="2" hits="1"/>
						<line number="3" hits="1"/>
						<line number="7" hits="1"/>
						<line number="8" hits="1"/>
						<line number="9" hits="1"/>
						<line number="12" hits="1"/>
						<line number="13" hits="1"/>
						<line number="14" hits="1"/>
						<line number="15" hits="1"/>
						<line number="16" hits="1"/>
						<line number="19" hits="1"/>
						<line number="20" hits="1"/>
						<line number="21" hits="1"/>
						<line number="24" hits="1"/>
						<line number="25" hits="1"/>
						<line number="28" hits="1"/>
						<line number="29" hits="1"/>
						<line number="30" hits="1"/>
						<line number="32" hits="1"/>
						<line number="33" hits="1"/>
						<line number="34" hits="1"/>
						<line number="36" hits="1"/>
						<line number="37" hits="1"/>
						<line number="38" hits="1"/>
						<line number="39" hits="1"/>
						<line number="41" hits="1"/>
						<line number="44" hits="1"/>
						<line number="45" hits="1"/>
						<line number="48" hits="1"/>
						<line number="49" hits="1"/>
						<line number="50" hits="1"/>
						<line number="52" hits="1"/>
						<line number="53" hits="1"/>
						<line number="55" hits="1"/>
						<line number="56" hits="1"/>
						<line number="59" hits="1"/>
						<line number="60" hits="1"/>
						<line number="63" hits="1"/>
						<line number="64" hits="1"/>
						<line number="65" hits="1"/>
						<line number="67" hits="1"/>
						<line number="68" hits="1"/>
						<line number="69" hits="1"/>
						<line number="72" hits="1"/>
						<line number="73" hits="1"/>
						<line number="74" hits="1"/>
						<line number="76" hits="1"/>
						<line number="77" hits="1"/>
						<line number="79" hits="1"/>
						<line number="81" hits="1"/>
						<line number="87" hits="1"/>
						<line number="95" hits="1"/>
						<line number="97" hits="1"/>
						<line number="102" hits="1"/>
						<line number="104" hits="1"/>
						<line number="106" hits="1"/>
						<line number="113" hits="1"/>
						<line number="115" hits="1"/>
						<line number="116" hits="1"/>
					</lines>
				</class>
				<class name="health_schema.py" filename="schemas/health_schema.py" complexity="0" line-rate="1" branch-rate="0">
					<methods/>
					<lines>
						<line number="1" hits="1"/>
						<line number="2" hits="1"/>
						<line number="5" hits="1"/>
						<line number="6" hits="1"/>
						<line number="9" hits="1"/>
						<line number="10" hits="1"/>
						<line number="11" hits="1"/>
					</lines>
				</class>
				<class name="rbac_schema.py" filename="schemas/rbac_schema.py" complexity="0" line-rate="1" branch-rate="0">
					<methods/>
					<lines>
						<line number="1" hits="1"/>
						<line number="4" hits="1"/>
						<line number="5" hits="1"/>
						<line number="8" hits="1"/>
						<line number="9" hits="1"/>
						<line number="12" hits="1"/>
						<line number="13" hits="1"/>
						<line number="16" hits="1"/>
						<line number="17" hits="1"/>
					</lines>
				</class>
			</classes>
		</package>
		<package name="scripts" line-rate="0" branch-rate="0" complexity="0">
			<classes>
				<class name="__init__.py" filename="scripts/__init__.py" complexity="0" line-rate="1" branch-rate="0">
					<methods/>
					<lines/>
				</class>
				<class name="seed_rbac.py" filename="scripts/seed_rbac.py" complexity="0" line-rate="0" branch-rate="0">
					<methods/>
					<lines>
						<line number="1" hits="0"/>
						<line number="2" hits="0"/>
						<line number="3" hits="0"/>
						<line number="4" hits="0"/>
						<line number="5" hits="0"/>
						<line number="8" hits="0"/>
						<line number="10" hits="0"/>
						<line number="15" hits="0"/>
						<line number="24" hits="0"/>
						<line number="26" hits="0"/>
						<line number="27" hits="0"/>
						<line number="28" hits="0"/>
						<line number="29" hits="0"/>
						<line number="30" hits="0"/>
						<line number="31" hits="0"/>
						<line number="32" hits="0"/>
						<line number="33" hits="0"/>
						<line number="38" hits="0"/>
						<line number="40" hits="0"/>
						<line number="41" hits="0"/>
						<line number="42" hits="0"/>
						<line number="43" hits="0"/>
						<line number="44" hits="0"/>
						<line number="49" hits="0"/>
						<line number="50" hits="0"/>
						<line number="55" hits="0"/>
						<line number="57" hits="0"/>
						<line number="59" hits="0"/>
						<line number="60" hits="0"/>
						<line number="61" hits="0"/>
						<line number="62" hits="0"/>
						<line number="64" hits="0"/>
						<line number="66" hits="0"/>
						<line number="69" hits="0"/>
						<line number="70" hits="0"/>
					</lines>
				</class>
			</classes>
		</package>
		<package name="security" line-rate="1" branch-rate="0" complexity="0">
			<classes>
				<class name="__init__.py" filename="security/__init__.py" complexity="0" line-rate="1" branch-rate="0">
					<methods/>
					<lines/>
				</class>
				<class name="dependencies.py" filename="security/dependencies.py" complexity="0" line-rate="1" branch-rate="0">
					<methods/>
					<lines>
						<line number="1" hits="1"/>
						<line number="2" hits="1"/>
						<line number="3" hits="1"/>
						<line number="4" hits="1"/>
						<line number="6" hits="1"/>
						<line number="7" hits="1"/>
						<line number="8" hits="1"/>
						<line number="10" hits="1"/>
						<line number="13" hits="1"/>
						<line number="19" hits="1"/>
						<line number="21" hits="1"/>
						<line number="22" hits="1"/>
						<line number="23" hits="1"/>
						<line number="26" hits="1"/>
						<line number="27" hits="1"/>
						<line number="29" hits="1"/>
						<line number="30" hits="1"/>
						<line number="31" hits="1"/>
						<line number="32" hits="1"/>
						<line number="38" hits="1"/>
						<line number="39" hits="1"/>
						<line number="41" hits="1"/>
						<line number="42" hits="1"/>
						<line number="44" hits="1"/>
						<line number="45" hits="1"/>
						<line number="47" hits="1"/>
					</lines>
				</class>
				<class name="device_fingerprint.py" filename="security/device_fingerprint.py" complexity="0" line-rate="1" branch-rate="0">
					<methods/>
					<lines>
						<line number="1" hits="1"/>
						<line number="4" hits="1"/>
						<line number="6" hits="1"/>
						<line number="8" hits="1"/>
					</lines>
				</class>
				<class name="jwt.py" filename="security/jwt.py" complexity="0" line-rate="1" branch-rate="0">
					<methods/>
					<lines>
						<line number="1" hits="1"/>
						<line number="2" hits="1"/>
						<line number="3" hits="1"/>
						<line number="4" hits="1"/>
						<line number="5" hits="1"/>
						<line number="6" hits="1"/>
						<line number="7" hits="1"/>
						<line number="8" hits="1"/>
						<line number="10" hits="1"/>
						<line number="11" hits="1"/>
						<line number="12" hits="1"/>
						<line number="16" hits="1"/>
						<line number="18" hits="1"/>
						<line number="24" hits="1"/>
						<line number="29" hits="1"/>
						<line number="31" hits="1"/>
						<line number="32" hits="1"/>
						<line number="33" hits="1"/>
						<line number="39" hits="1"/>
						<line number="40" hits="1"/>
						<line number="41" hits="1"/>
						<line number="43" hits="1"/>
						<line number="44" hits="1"/>
						<line number="51" hits="1"/>
						<line number="52" hits="1"/>
						<line number="58" hits="1"/>
						<line number="60" hits="1"/>
						<line number="62" hits="1"/>
						<line number="68" hits="1"/>
						<line number="70" hits="1"/>
						<line number="86" hits="1"/>
						<line number="88" hits="1"/>
						<line number="89" hits="1"/>
						<line number="95" hits="1"/>
						<line number="97" hits="1"/>
						<line number="99" hits="1"/>
					</lines>
				</class>
				<class name="magic_link_jwt.py" filename="security/magic_link_jwt.py" complexity="0" line-rate="1" branch-rate="0">
					<methods/>
					<lines>
						<line number="1" hits="1"/>
						<line number="2" hits="1"/>
						<line number="3" hits="1"/>
						<line number="5" hits="1"/>
						<line number="6" hits="1"/>
						<line number="9" hits="1"/>
						<line number="11" hits="1"/>
						<line number="21" hits="1"/>
						<line number="28" hits="1"/>
						<line number="30" hits="1"/>
						<line number="31" hits="1"/>
						<line number="37" hits="1"/>
						<line number="38" hits="1"/>
						<line number="40" hits="1"/>
						<line number="41" hits="1"/>
						<line number="43" hits="1"/>
						<line number="44" hits="1"/>
						<line number="46" hits="1"/>
					</lines>
				</class>
				<class name="oauth_helper.py" filename="security/oauth_helper.py" complexity="0" line-rate="1" branch-rate="0">
					<methods/>
					<lines>
						<line number="1" hits="1"/>
						<line number="2" hits="1"/>
						<line number="3" hits="1"/>
						<line number="4" hits="1"/>
						<line number="9" hits="1"/>
						<line number="11" hits="1"/>
						<line number="12" hits="1"/>
						<line number="14" hits="1"/>
						<line number="15" hits="1"/>
						<line number="16" hits="1"/>
						<line number="18" hits="1"/>
						<line number="19" hits="1"/>
						<line number="21" hits="1"/>
						<line number="23" hits="1"/>
						<line number="27" hits="1"/>
						<line number="29" hits="1"/>
						<line number="30" hits="1"/>
						<line number="32" hits="1"/>
						<line number="38" hits="1"/>
						<line number="39" hits="1"/>
						<line number="41" hits="1"/>
						<line number="43" hits="1"/>
						<line number="45" hits="1"/>
						<line number="46" hits="1"/>
						<line number="48" hits="1"/>
						<line number="50" hits="1"/>
					</lines>
				</class>
				<class name="oauth_state.py" filename="security/oauth_state.py" complexity="0" line-rate="1" branch-rate="0">
					<methods/>
					<lines>
						<line number="1" hits="1"/>
						<line number="2" hits="1"/>
						<line number="5" hits="1"/>
						<line number="8" hits="1"/>
						<line number="10" hits="1"/>
						<line number="12" hits="1"/>
						<line number="18" hits="1"/>
						<line number="21" hits="1"/>
						<line number="23" hits="1"/>
						<line number="25" hits="1"/>
						<line number="27" hits="1"/>
						<line number="28" hits="1"/>
						<line number="30" hits="1"/>
						<line number="32" hits="1"/>
					</lines>
				</class>
				<class name="otp_verify_lua.py" filename="security/otp_verify_lua.py" complexity="0" line-rate="1" branch-rate="0">
					<methods/>
					<lines>
						<line number="1" hits="1"/>
					</lines>
				</class>
				<class name="password.py" filename="security/password.py" complexity="0" line-rate="1" branch-rate="0">
					<methods/>
					<lines>
						<line number="1" hits="1"/>
						<line number="3" hits="1"/>
						<line number="5" hits="1"/>
						<line number="6" hits="1"/>
						<line number="8" hits="1"/>
						<line number="9" hits="1"/>
					</lines>
				</class>
				<class name="rate_limit_policies.py" filename="security/rate_limit_policies.py" complexity="0" line-rate="1" branch-rate="0">
					<methods/>
					<lines>
						<line number="7" hits="1"/>
					</lines>
				</class>
				<class name="rate_limiter.py" filename="security/rate_limiter.py" complexity="0" line-rate="1" branch-rate="0">
					<methods/>
					<lines>
						<line number="1" hits="1"/>
						<line number="3" hits="1"/>
						<line number="4" hits="1"/>
						<line number="7" hits="1"/>
						<line number="9" hits="1"/>
						<line number="19" hits="1"/>
						<line number="20" hits="1"/>
						<line number="21" hits="1"/>
						<line number="23" hits="1"/>
						<line number="25" hits="1"/>
						<line number="27" hits="1"/>
						<line number="29" hits="1"/>
						<line number="32" hits="1"/>
						<line number="34" hits="1"/>
						<line number="43" hits="1"/>
						<line number="45" hits="1"/>
						<line number="47" hits="1"/>
					</lines>
				</class>
				<class name="rate_limiter_lua.py" filename="security/rate_limiter_lua.py" complexity="0" line-rate="1" branch-rate="0">
					<methods/>
					<lines>
						<line number="1" hits="1"/>
					</lines>
				</class>
				<class name="token_blacklist.py" filename="security/token_blacklist.py" complexity="0" line-rate="1" branch-rate="0">
					<methods/>
					<lines>
						<line number="1" hits="1"/>
						<line number="4" hits="1"/>
						<line number="5" hits="1"/>
						<line number="12" hits="1"/>
						<line number="13" hits="1"/>
					</lines>
				</class>
				<class name="token_utils.py" filename="security/token_utils.py" complexity="0" line-rate="1" branch-rate="0">
					<methods/>
					<lines>
						<line number="1" hits="1"/>
						<line number="2" hits="1"/>
						<line number="4" hits="1"/>
						<line number="5" hits="1"/>
						<line number="7" hits="1"/>
						<line number="8" hits="1"/>
					</lines>
				</class>
			</classes>
		</package>
		<package name="services" line-rate="0.9644" branch-rate="0" complexity="0">
			<classes>
				<class name="__init__.py" filename="services/__init__.py" complexity="0" line-rate="1" branch-rate="0">
					<methods/>
					<lines/>
				</class>
				<class name="audit_service.py" filename="services/audit_service.py" complexity="0" line-rate="1" branch-rate="0">
					<methods/>
					<lines>
						<line number="1" hits="1"/>
						<line number="2" hits="1"/>
						<line number="3" hits="1"/>
						<line number="6" hits="1"/>
						<line number="8" hits="1"/>
						<line number="9" hits="1"/>
						<line number="11" hits="1"/>
						<line number="20" hits="1"/>
						<line number="30" hits="1"/>
					</lines>
				</class>
				<class name="auth_service.py" filename="services/auth_service.py" complexity="0" line-rate="0.9497" branch-rate="0">
					<methods/>
					<lines>
						<line number="1" hits="1"/>
						<line number="2" hits="1"/>
						<line number="3" hits="1"/>
						<line number="4" hits="1"/>
						<line number="5" hits="1"/>
						<line number="6" hits="1"/>
						<line number="7" hits="1"/>
						<line number="8" hits="1"/>
						<line number="10" hits="1"/>
						<line number="11" hits="1"/>
						<line number="12" hits="1"/>
						<line number="13" hits="1"/>
						<line number="14" hits="1"/>
						<line number="15" hits="1"/>
						<line number="16" hits="1"/>
						<line number="18" hits="1"/>
						<line number="19" hits="1"/>
						<line number="20" hits="1"/>
						<line number="21" hits="1"/>
						<line number="22" hits="1"/>
						<line number="24" hits="1"/>
						<line number="25" hits="1"/>
						<line number="26" hits="1"/>
						<line number="27" hits="1"/>
						<line number="28" hits="1"/>
						<line number="29" hits="1"/>
						<line number="30" hits="1"/>
[...]
						<line number="199" hits="1"/>
						<line number="202" hits="1"/>
						<line number="204" hits="1"/>
						<line number="206" hits="1"/>
						<line number="212" hits="1"/>
						<line number="214" hits="1"/>
						<line number="216" hits="1"/>
						<line number="218" hits="1"/>
						<line number="224" hits="1"/>
						<line number="230" hits="1"/>
						<line number="232" hits="1"/>
						<line number="234" hits="1"/>
						<line number="236" hits="1"/>
						<line number="237" hits="1"/>
						<line number="243" hits="1"/>
						<line number="245" hits="1"/>
						<line number="247" hits="1"/>
						<line number="248" hits="1"/>
						<line number="250" hits="1"/>
						<line number="251" hits="1"/>
						<line number="253" hits="1"/>
						<line number="255" hits="1"/>
						<line number="260" hits="1"/>
						<line number="265" hits="1"/>
						<line number="270" hits="1"/>
						<line number="272" hits="1"/>
						<line number="273" hits="1"/>
						<line number="275" hits="1"/>
						<line number="276" hits="1"/>
						<line number="279" hits="1"/>
						<line number="280" hits="1"/>
						<line number="285" hits="1"/>
						<line number="287" hits="1"/>
						<line number="288" hits="1"/>
						<line number="290" hits="1"/>
						<line number="291" hits="1"/>
						<line number="293" hits="1"/>
						<line number="294" hits="1"/>
						<line number="301" hits="1"/>
						<line number="302" hits="1"/>
						<line number="304" hits="1"/>
						<line number="305" hits="1"/>
						<line number="307" hits="1"/>
						<line number="309" hits="1"/>
						<line number="311" hits="1"/>
						<line number="312" hits="1"/>
						<line number="318" hits="1"/>
						<line number="323" hits="1"/>
						<line number="325" hits="1"/>
						<line number="327" hits="1"/>
						<line number="329" hits="1"/>
						<line number="330" hits="1"/>
						<line number="332" hits="1"/>
						<line number="333" hits="1"/>
						<line number="336" hits="1"/>
						<line number="338" hits="1"/>
						<line number="344" hits="1"/>
						<line number="346" hits="1"/>
						<line number="348" hits="1"/>
						<line number="350" hits="1"/>
						<line number="351" hits="1"/>
						<line number="353" hits="1"/>
						<line number="355" hits="1"/>
						<line number="357" hits="1"/>
						<line number="363" hits="1"/>
						<line number="366" hits="1"/>
						<line number="368" hits="1"/>
						<line number="370" hits="1"/>
						<line number="377" hits="1"/>
						<line number="379" hits="1"/>
						<line number="381" hits="1"/>
						<line number="383" hits="1"/>
						<line number="384" hits="1"/>
						<line number="386" hits="1"/>
						<line number="388" hits="1"/>
						<line number="389" hits="1"/>
						<line number="391" hits="1"/>
						<line number="392" hits="1"/>
						<line number="393" hits="1"/>
						<line number="396" hits="1"/>
						<line number="399" hits="1"/>
						<line number="401" hits="1"/>
						<line number="404" hits="1"/>
						<line number="407" hits="1"/>
						<line number="409" hits="1"/>
						<line number="411" hits="1"/>
						<line number="413" hits="1"/>
						<line number="415" hits="1"/>
						<line number="417" hits="1"/>
						<line number="418" hits="1"/>
						<line number="420" hits="1"/>
						<line number="422" hits="1"/>
						<line number="423" hits="1"/>
						<line number="425" hits="1"/>
						<line number="426" hits="1"/>
						<line number="428" hits="1"/>
						<line number="430" hits="1"/>
						<line number="432" hits="1"/>
						<line number="434" hits="1"/>
						<line number="436" hits="1"/>
						<line number="438" hits="1"/>
						<line number="440" hits="1"/>
						<line number="442" hits="1"/>
						<line number="443" hits="1"/>
						<line number="448" hits="1"/>
						<line number="449" hits="1"/>
						<line number="455" hits="1"/>
						<line number="457" hits="1"/>
						<line number="458" hits="1"/>
						<line number="460" hits="1"/>
						<line number="466" hits="1"/>
						<line number="468" hits="1"/>
						<line number="470" hits="1"/>
						<line number="472" hits="1"/>
						<line number="478" hits="1"/>
						<line number="484" hits="1"/>
						<line number="486" hits="1"/>
						<line number="487" hits="1"/>
						<line number="489" hits="1"/>
						<line number="491" hits="1"/>
						<line number="492" hits="1"/>
						<line number="494" hits="1"/>
						<line number="496" hits="1"/>
						<line number="503" hits="1"/>
						<line number="508" hits="1"/>
						<line number="510" hits="1"/>
						<line number="512" hits="1"/>
						<line number="519" hits="1"/>
						<line number="521" hits="1"/>
						<line number="529" hits="1"/>
						<line number="535" hits="1"/>
						<line number="537" hits="0"/>
						<line number="539" hits="0"/>
						<line number="541" hits="0"/>
						<line number="552" hits="0"/>
						<line number="563" hits="0"/>
						<line number="566" hits="1"/>
						<line number="568" hits="1"/>
						<line number="570" hits="1"/>
						<line number="575" hits="1"/>
						<line number="577" hits="1"/>
						<line number="580" hits="1"/>
						<line number="582" hits="1"/>
						<line number="584" hits="1"/>
						<line number="589" hits="1"/>
						<line number="590" hits="1"/>
						<line number="595" hits="1"/>
						<line number="597" hits="1"/>
						<line number="598" hits="0"/>
						<line number="600" hits="0"/>
						<line number="605" hits="1"/>
						<line number="612" hits="1"/>
						<line number="614" hits="1"/>
						<line number="616" hits="1"/>
						<line number="621" hits="1"/>
						<line number="622" hits="1"/>
						<line number="627" hits="1"/>
						<line number="635" hits="1"/>
						<line number="637" hits="1"/>
						<line number="640" hits="1"/>
						<line number="642" hits="1"/>
						<line number="644" hits="1"/>
						<line number="649" hits="1"/>
						<line number="650" hits="1"/>
						<line number="652" hits="1"/>
						<line number="654" hits="1"/>
						<line number="655" hits="1"/>
						<line number="660" hits="1"/>
						<line number="666" hits="1"/>
						<line number="668" hits="1"/>
						<line number="671" hits="1"/>
						<line number="673" hits="0"/>
						<line number="675" hits="0"/>
						<line number="677" hits="0"/>
						<line number="687" hits="0"/>
						<line number="697" hits="0"/>
						<line number="701" hits="1"/>
						<line number="703" hits="1"/>
						<line number="705" hits="1"/>
						<line number="710" hits="1"/>
						<line number="711" hits="1"/>
						<line number="716" hits="1"/>
						<line number="726" hits="1"/>
						<line number="728" hits="1"/>
						<line number="826" hits="1"/>
						<line number="828" hits="1"/>
						<line number="830" hits="1"/>
						<line number="831" hits="1"/>
						<line number="833" hits="1"/>
						<line number="838" hits="1"/>
						<line number="845" hits="1"/>
						<line number="847" hits="1"/>
						<line number="849" hits="1"/>
						<line number="856" hits="1"/>
						<line number="863" hits="1"/>
						<line number="865" hits="1"/>
						<line number="866" hits="1"/>
						<line number="868" hits="1"/>
						<line number="871" hits="1"/>
						<line number="872" hits="1"/>
						<line number="874" hits="1"/>
						<line number="879" hits="1"/>
						<line number="881" hits="1"/>
						<line number="882" hits="1"/>
						<line number="884" hits="1"/>
						<line number="885" hits="1"/>
						<line number="887" hits="1"/>
						<line number="890" hits="1"/>
						<line number="892" hits="1"/>
						<line number="894" hits="1"/>
						<line number="895" hits="0"/>
						<line number="897" hits="0"/>
						<line number="902" hits="1"/>
						<line number="909" hits="1"/>
						<line number="911" hits="1"/>
						<line number="921" hits="1"/>
						<line number="923" hits="1"/>
						<line number="925" hits="1"/>
						<line number="931" hits="1"/>
						<line number="938" hits="1"/>
						<line number="940" hits="1"/>
						<line number="941" hits="1"/>
						<line number="943" hits="1"/>
						<line number="945" hits="1"/>
						<line number="947" hits="1"/>
						<line number="949" hits="1"/>
						<line number="952" hits="1"/>
						<line number="959" hits="1"/>
						<line number="960" hits="0"/>
						<line number="962" hits="0"/>
						<line number="968" hits="1"/>
					</lines>
				</class>
				<class name="authentication_service.py" filename="services/authentication_service.py" complexity="0" line-rate="1" branch-rate="0">
					<methods/>
					<lines/>
				</class>
				<class name="email_service.py" filename="services/email_service.py" complexity="0" line-rate="0.8889" branch-rate="0">
					<methods/>
					<lines>
						<line number="1" hits="1"/>
						<line number="2" hits="1"/>
						<line number="3" hits="1"/>
						<line number="6" hits="1"/>
						<line number="8" hits="1"/>
						<line number="9" hits="1"/>
						<line number="10" hits="1"/>
						<line number="16" hits="1"/>
						<line number="17" hits="1"/>
						<line number="18" hits="1"/>
						<line number="19" hits="1"/>
						<line number="21" hits="1"/>
						<line number="22" hits="1"/>
						<line number="23" hits="1"/>
						<line number="24" hits="0"/>
						<line number="25" hits="0"/>
						<line number="27" hits="1"/>
						<line number="28" hits="1"/>
					</lines>
				</class>
				<class name="mfa_challenge_service.py" filename="services/mfa_challenge_service.py" complexity="0" line-rate="1" branch-rate="0">
					<methods/>
					<lines>
						<line number="1" hits="1"/>
						<line number="2" hits="1"/>
						<line number="4" hits="1"/>
						<line number="5" hits="1"/>
						<line number="8" hits="1"/>
						<line number="10" hits="1"/>
						<line number="12" hits="1"/>
						<line number="14" hits="1"/>
						<line number="18" hits="1"/>
						<line number="24" hits="1"/>
						<line number="25" hits="1"/>
						<line number="27" hits="1"/>
						<line number="29" hits="1"/>
						<line number="31" hits="1"/>
						<line number="32" hits="1"/>
						<line number="34" hits="1"/>
						<line number="36" hits="1"/>
						<line number="38" hits="1"/>
						<line number="40" hits="1"/>
						<line number="42" hits="1"/>
						<line number="43" hits="1"/>
						<line number="45" hits="1"/>
						<line number="47" hits="1"/>
						<line number="49" hits="1"/>
						<line number="51" hits="1"/>
						<line number="52" hits="1"/>
						<line number="54" hits="1"/>
						<line number="56" hits="1"/>
						<line number="58" hits="1"/>
						<line number="60" hits="1"/>
						<line number="67" hits="1"/>
						<line number="69" hits="1"/>
						<line number="71" hits="1"/>
						<line number="73" hits="1"/>
					</lines>
				</class>
				<class name="otp_service.py" filename="services/otp_service.py" complexity="0" line-rate="0.9583" branch-rate="0">
					<methods/>
					<lines>
						<line number="1" hits="1"/>
						<line number="2" hits="1"/>
						<line number="3" hits="1"/>
						<line number="5" hits="1"/>
						<line number="6" hits="1"/>
						<line number="9" hits="1"/>
						<line number="14" hits="1"/>
						<line number="16" hits="1"/>
						<line number="18" hits="1"/>
						<line number="24" hits="1"/>
						<line number="30" hits="1"/>
						<line number="36" hits="1"/>
						<line number="41" hits="1"/>
						<line number="43" hits="1"/>
						<line number="45" hits="1"/>
						<line number="47" hits="1"/>
						<line number="48" hits="1"/>
						<line number="50" hits="1"/>
						<line number="53" hits="1"/>
						<line number="54" hits="1"/>
						<line number="57" hits="1"/>
						<line number="58" hits="0"/>
						<line number="60" hits="1"/>
						<line number="62" hits="1"/>
						<line number="64" hits="1"/>
						<line number="65" hits="1"/>
						<line number="67" hits="1"/>
						<line number="69" hits="1"/>
						<line number="71" hits="1"/>
						<line number="73" hits="1"/>
						<line number="74" hits="1"/>
						<line number="76" hits="1"/>
						<line number="81" hits="1"/>
						<line number="83" hits="1"/>
						<line number="85" hits="1"/>
						<line number="87" hits="1"/>
						<line number="88" hits="1"/>
						<line number="93" hits="1"/>
						<line number="94" hits="0"/>
						<line number="96" hits="1"/>
						<line number="102" hits="1"/>
						<line number="103" hits="1"/>
						<line number="105" hits="1"/>
						<line number="106" hits="1"/>
						<line number="108" hits="1"/>
						<line number="109" hits="1"/>
						<line number="111" hits="1"/>
						<line number="112" hits="1"/>
					</lines>
				</class>
				<class name="rbac_service.py" filename="services/rbac_service.py" complexity="0" line-rate="1" branch-rate="0">
					<methods/>
					<lines>
						<line number="1" hits="1"/>
						<line number="3" hits="1"/>
						<line number="4" hits="1"/>
						<line number="6" hits="1"/>
						<line number="8" hits="1"/>
						<line number="9" hits="1"/>
						<line number="10" hits="1"/>
						<line number="11" hits="1"/>
						<line number="13" hits="1"/>
					</lines>
				</class>
				<class name="recovery_code_service.py" filename="services/recovery_code_service.py" complexity="0" line-rate="1" branch-rate="0">
					<methods/>
					<lines>
						<line number="1" hits="1"/>
						<line number="2" hits="1"/>
						<line number="4" hits="1"/>
						<line number="5" hits="1"/>
						<line number="8" hits="1"/>
						<line number="10" hits="1"/>
						<line number="11" hits="1"/>
						<line number="17" hits="1"/>
						<line number="19" hits="1"/>
						<line number="21" hits="1"/>
						<line number="23" hits="1"/>
						<line number="25" hits="1"/>
						<line number="27" hits="1"/>
						<line number="29" hits="1"/>
						<line number="34" hits="1"/>
						<line number="36" hits="1"/>
						<line number="38" hits="1"/>
						<line number="44" hits="1"/>
						<line number="46" hits="1"/>
						<line number="48" hits="1"/>
						<line number="50" hits="1"/>
						<line number="51" hits="1"/>
						<line number="53" hits="1"/>
						<line number="55" hits="1"/>
						<line number="57" hits="1"/>
						<line number="59" hits="1"/>
					</lines>
				</class>
				<class name="sms_service.py" filename="services/sms_service.py" complexity="0" line-rate="1" branch-rate="0">
					<methods/>
					<lines>
						<line number="1" hits="1"/>
						<line number="2" hits="1"/>
						<line number="5" hits="1"/>
						<line number="7" hits="1"/>
						<line number="9" hits="1"/>
						<line number="14" hits="1"/>
						<line number="16" hits="1"/>
						<line number="22" hits="1"/>
					</lines>
				</class>
				<class name="totp_service.py" filename="services/totp_service.py" complexity="0" line-rate="1" branch-rate="0">
					<methods/>
					<lines>
						<line number="1" hits="1"/>
						<line number="2" hits="1"/>
						<line number="3" hits="1"/>
						<line number="4" hits="1"/>
						<line number="7" hits="1"/>
						<line number="9" hits="1"/>
						<line number="11" hits="1"/>
						<line number="13" hits="1"/>
						<line number="15" hits="1"/>
						<line number="17" hits="1"/>
						<line number="22" hits="1"/>
						<line number="24" hits="1"/>
						<line number="26" hits="1"/>
						<line number="28" hits="1"/>
						<line number="30" hits="1"/>
						<line number="34" hits="1"/>
						<line number="36" hits="1"/>
						<line number="38" hits="1"/>
					</lines>
				</class>
				<class name="webauthn_service.py" filename="services/webauthn_service.py" complexity="0" line-rate="1" branch-rate="0">
					<methods/>
					<lines>
						<line number="1" hits="1"/>
						<line number="2" hits="1"/>
						<line number="3" hits="1"/>
						<line number="4" hits="1"/>
						<line number="7" hits="1"/>
						<line number="8" hits="1"/>
						<line number="9" hits="1"/>
						<line number="10" hits="1"/>
						<line number="11" hits="1"/>
						<line number="12" hits="1"/>
						<line number="13" hits="1"/>
						<line number="18" hits="1"/>
						<line number="23" hits="1"/>
						<line number="26" hits="1"/>
						<line number="28" hits="1"/>
						<line number="29" hits="1"/>
						<line number="30" hits="1"/>
						<line number="32" hits="1"/>
						<line number="33" hits="1"/>
						<line number="34" hits="1"/>
						<line number="36" hits="1"/>
						<line number="38" hits="1"/>
						<line number="39" hits="1"/>
						<line number="40" hits="1"/>
						<line number="45" hits="1"/>
						<line number="47" hits="1"/>
						<line number="59" hits="1"/>
						<line number="65" hits="1"/>
						<line number="66" hits="1"/>
						<line number="69" hits="1"/>
						<line number="93" hits="1"/>
						<line number="95" hits="1"/>
						<line number="97" hits="1"/>
						<line number="98" hits="1"/>
						<line number="100" hits="1"/>
						<line number="102" hits="1"/>
						<line number="107" hits="1"/>
						<line number="109" hits="1"/>
						<line number="113" hits="1"/>
						<line number="117" hits="1"/>
						<line number="120" hits="1"/>
						<line number="127" hits="1"/>
						<line number="130" hits="1"/>
						<line number="132" hits="1"/>
						<line number="134" hits="1"/>
						<line number="136" hits="1"/>
						<line number="137" hits="1"/>
						<line number="138" hits="1"/>
						<line number="140" hits="1"/>
						<line number="148" hits="1"/>
						<line number="149" hits="1"/>
						<line number="151" hits="1"/>
						<line number="157" hits="1"/>
						<line number="159" hits="1"/>
						<line number="175" hits="1"/>
						<line number="177" hits="1"/>
						<line number="179" hits="1"/>
						<line number="181" hits="1"/>
						<line number="182" hits="1"/>
						<line number="184" hits="1"/>
						<line number="186" hits="1"/>
						<line number="187" hits="1"/>
						<line number="189" hits="1"/>
						<line number="191" hits="1"/>
						<line number="197" hits="1"/>
						<line number="204" hits="1"/>
						<line number="205" hits="1"/>
						<line number="208" hits="1"/>
						<line number="209" hits="1"/>
						<line number="212" hits="1"/>
						<line number="213" hits="1"/>
						<line number="216" hits="1"/>
						<line number="217" hits="1"/>
						<line number="219" hits="1"/>
					</lines>
				</class>
			</classes>
		</package>
		<package name="utils" line-rate="1" branch-rate="0" complexity="0">
			<classes>
				<class name="__init__.py" filename="utils/__init__.py" complexity="0" line-rate="1" branch-rate="0">
					<methods/>
					<lines/>
				</class>
			</classes>
		</package>
		<package name="workers" line-rate="0.9667" branch-rate="0" complexity="0">
			<classes>
				<class name="__init__.py" filename="workers/__init__.py" complexity="0" line-rate="1" branch-rate="0">
					<methods/>
					<lines/>
				</class>
				<class name="audit_worker.py" filename="workers/audit_worker.py" complexity="0" line-rate="0.9667" branch-rate="0">
					<methods/>
					<lines>
						<line number="1" hits="1"/>
						<line number="2" hits="1"/>
						<line number="3" hits="1"/>
						<line number="5" hits="1"/>
						<line number="6" hits="1"/>
						<line number="7" hits="1"/>
						<line number="9" hits="1"/>
						<line number="10" hits="1"/>
						<line number="13" hits="1"/>
						<line number="14" hits="1"/>
						<line number="16" hits="1"/>
						<line number="17" hits="1"/>
						<line number="26" hits="1"/>
						<line number="27" hits="1"/>
						<line number="29" hits="1"/>
						<line number="32" hits="1"/>
						<line number="33" hits="1"/>
						<line number="35" hits="1"/>
						<line number="36" hits="1"/>
						<line number="38" hits="1"/>
						<line number="44" hits="1"/>
						<line number="45" hits="1"/>
						<line number="47" hits="1"/>
						<line number="49" hits="1"/>
						<line number="52" hits="1"/>
						<line number="54" hits="1"/>
						<line number="55" hits="1"/>
						<line number="56" hits="1"/>
						<line number="59" hits="1"/>
						<line number="60" hits="0"/>
					</lines>
				</class>
			</classes>
		</package>
	</packages>
</coverage>
